{"C:\\Users\\Administrator\\PycharmProjects\\NFUELibrary\\vue\\src\\App.vue": {"path":"C:\\Users\\Administrator\\PycharmProjects\\NFUELibrary\\vue\\src\\App.vue","statementMap":{"0":{"start":{"line":6,"column":0},"end":{"line":10,"column":null}}},"fnMap":{},"branchMap":{},"s":{"0":0},"f":{},"b":{}}
,"C:\\Users\\Administrator\\PycharmProjects\\NFUELibrary\\vue\\src\\components\\CusInput.vue": {"path":"C:\\Users\\Administrator\\PycharmProjects\\NFUELibrary\\vue\\src\\components\\CusInput.vue","statementMap":{"0":{"start":{"line":35,"column":0},"end":{"line":141,"column":null}}},"fnMap":{},"branchMap":{},"s":{"0":0},"f":{},"b":{}}
,"C:\\Users\\Administrator\\PycharmProjects\\NFUELibrary\\vue\\src\\components\\HelloWorld.vue": {"path":"C:\\Users\\Administrator\\PycharmProjects\\NFUELibrary\\vue\\src\\components\\HelloWorld.vue","statementMap":{"0":{"start":{"line":68,"column":0},"end":{"line":68,"column":null}},"1":{"start":{"line":69,"column":0},"end":{"line":69,"column":null}},"2":{"start":{"line":66,"column":0},"end":{"line":293,"column":null}}},"fnMap":{},"branchMap":{},"s":{"0":0,"1":0,"2":0},"f":{},"b":{}}
,"C:\\Users\\Administrator\\PycharmProjects\\NFUELibrary\\vue\\src\\views\\Home.vue": {"path":"C:\\Users\\Administrator\\PycharmProjects\\NFUELibrary\\vue\\src\\views\\Home.vue","statementMap":{"0":{"start":{"line":26,"column":0},"end":{"line":38,"column":null}}},"fnMap":{},"branchMap":{},"s":{"0":1},"f":{},"b":{}}
,"C:\\Users\\Administrator\\PycharmProjects\\NFUELibrary\\vue\\src\\views\\ReservationManage.vue": {"path":"C:\\Users\\Administrator\\PycharmProjects\\NFUELibrary\\vue\\src\\views\\ReservationManage.vue","statementMap":{"0":{"start":{"line":75,"column":0},"end":{"line":75,"column":null}},"1":{"start":{"line":73,"column":0},"end":{"line":300,"column":null}}},"fnMap":{},"branchMap":{},"s":{"0":0,"1":0},"f":{},"b":{}}
,"C:\\Users\\Administrator\\PycharmProjects\\NFUELibrary\\vue\\src\\views\\SeatView.vue": {"path":"C:\\Users\\Administrator\\PycharmProjects\\NFUELibrary\\vue\\src\\views\\SeatView.vue","statementMap":{"0":{"start":{"line":130,"column":0},"end":{"line":130,"column":null}},"1":{"start":{"line":128,"column":0},"end":{"line":219,"column":null}}},"fnMap":{},"branchMap":{},"s":{"0":0,"1":0},"f":{},"b":{}}
}
