TN:
SF:src\App.vue
FNF:0
FNH:0
DA:6,0
LF:1
LH:0
BRF:0
BRH:0
end_of_record
TN:
SF:src\components\CusInput.vue
FNF:0
FNH:0
DA:35,0
LF:1
LH:0
BRF:0
BRH:0
end_of_record
TN:
SF:src\components\HelloWorld.vue
FNF:0
FNH:0
DA:66,0
DA:68,0
DA:69,0
LF:3
LH:0
BRF:0
BRH:0
end_of_record
TN:
SF:src\views\Home.vue
FNF:0
FNH:0
DA:26,1
LF:1
LH:1
BRF:0
BRH:0
end_of_record
TN:
SF:src\views\ReservationManage.vue
FNF:0
FNH:0
DA:73,0
DA:75,0
LF:2
LH:0
BRF:0
BRH:0
end_of_record
TN:
SF:src\views\SeatView.vue
FNF:0
FNH:0
DA:128,0
DA:130,0
LF:2
LH:0
BRF:0
BRH:0
end_of_record
