{"C:\\Users\\Administrator\\PycharmProjects\\NFUELibrary\\nodeServer\\fuckinglib\\http.js": {"path":"C:\\Users\\Administrator\\PycharmProjects\\NFUELibrary\\nodeServer\\fuckinglib\\http.js","statementMap":{"0":{"start":{"line":1,"column":39},"end":{"line":1,"column":62}},"1":{"start":{"line":2,"column":14},"end":{"line":2,"column":30}},"2":{"start":{"line":5,"column":16},"end":{"line":5,"column":20}},"3":{"start":{"line":7,"column":2},"end":{"line":9,"column":3}},"4":{"start":{"line":8,"column":4},"end":{"line":8,"column":28}},"5":{"start":{"line":10,"column":2},"end":{"line":14,"column":11}},"6":{"start":{"line":11,"column":4},"end":{"line":13,"column":7}},"7":{"start":{"line":12,"column":6},"end":{"line":12,"column":47}},"8":{"start":{"line":17,"column":2},"end":{"line":17,"column":302}},"9":{"start":{"line":19,"column":17},"end":{"line":19,"column":19}},"10":{"start":{"line":20,"column":2},"end":{"line":26,"column":5}},"11":{"start":{"line":21,"column":21},"end":{"line":21,"column":38}},"12":{"start":{"line":22,"column":4},"end":{"line":25,"column":5}},"13":{"start":{"line":24,"column":6},"end":{"line":24,"column":24}},"14":{"start":{"line":27,"column":2},"end":{"line":27,"column":18}},"15":{"start":{"line":31,"column":18},"end":{"line":31,"column":20}},"16":{"start":{"line":32,"column":2},"end":{"line":50,"column":5}},"17":{"start":{"line":33,"column":21},"end":{"line":33,"column":38}},"18":{"start":{"line":34,"column":4},"end":{"line":49,"column":5}},"19":{"start":{"line":36,"column":6},"end":{"line":40,"column":7}},"20":{"start":{"line":37,"column":8},"end":{"line":37,"column":32}},"21":{"start":{"line":39,"column":8},"end":{"line":39,"column":50}},"22":{"start":{"line":43,"column":6},"end":{"line":45,"column":7}},"23":{"start":{"line":44,"column":8},"end":{"line":44,"column":15}},"24":{"start":{"line":46,"column":6},"end":{"line":48,"column":56}},"25":{"start":{"line":51,"column":2},"end":{"line":51,"column":30}},"26":{"start":{"line":55,"column":2},"end":{"line":55,"column":18}},"27":{"start":{"line":57,"column":2},"end":{"line":57,"column":19}},"28":{"start":{"line":59,"column":15},"end":{"line":59,"column":47}},"29":{"start":{"line":60,"column":21},"end":{"line":66,"column":2}},"30":{"start":{"line":68,"column":0},"end":{"line":78,"column":2}},"31":{"start":{"line":70,"column":4},"end":{"line":70,"column":47}},"32":{"start":{"line":72,"column":4},"end":{"line":72,"column":18}},"33":{"start":{"line":76,"column":4},"end":{"line":76,"column":33}},"34":{"start":{"line":80,"column":0},"end":{"line":93,"column":2}},"35":{"start":{"line":82,"column":20},"end":{"line":82,"column":50}},"36":{"start":{"line":83,"column":21},"end":{"line":83,"column":41}},"37":{"start":{"line":84,"column":4},"end":{"line":86,"column":5}},"38":{"start":{"line":85,"column":6},"end":{"line":85,"column":30}},"39":{"start":{"line":87,"column":4},"end":{"line":87,"column":20}},"40":{"start":{"line":90,"column":4},"end":{"line":90,"column":24}},"41":{"start":{"line":91,"column":4},"end":{"line":91,"column":33}},"42":{"start":{"line":95,"column":0},"end":{"line":99,"column":2}}},"fnMap":{"0":{"name":"debouncedSave","decl":{"start":{"line":6,"column":9},"end":{"line":6,"column":22}},"loc":{"start":{"line":6,"column":25},"end":{"line":15,"column":1}},"line":6},"1":{"name":"(anonymous_1)","decl":{"start":{"line":10,"column":25},"end":{"line":10,"column":26}},"loc":{"start":{"line":10,"column":31},"end":{"line":14,"column":3}},"line":10},"2":{"name":"(anonymous_2)","decl":{"start":{"line":11,"column":29},"end":{"line":11,"column":30}},"loc":{"start":{"line":11,"column":36},"end":{"line":13,"column":5}},"line":11},"3":{"name":"getSERVERID","decl":{"start":{"line":18,"column":9},"end":{"line":18,"column":20}},"loc":{"start":{"line":18,"column":30},"end":{"line":28,"column":1}},"line":18},"4":{"name":"(anonymous_4)","decl":{"start":{"line":20,"column":32},"end":{"line":20,"column":33}},"loc":{"start":{"line":20,"column":44},"end":{"line":26,"column":3}},"line":20},"5":{"name":"resetSERVERID","decl":{"start":{"line":30,"column":9},"end":{"line":30,"column":22}},"loc":{"start":{"line":30,"column":36},"end":{"line":58,"column":1}},"line":30},"6":{"name":"(anonymous_6)","decl":{"start":{"line":32,"column":37},"end":{"line":32,"column":38}},"loc":{"start":{"line":32,"column":49},"end":{"line":50,"column":3}},"line":32},"7":{"name":"(anonymous_7)","decl":{"start":{"line":69,"column":2},"end":{"line":69,"column":3}},"loc":{"start":{"line":69,"column":20},"end":{"line":73,"column":3}},"line":69},"8":{"name":"(anonymous_8)","decl":{"start":{"line":74,"column":2},"end":{"line":74,"column":3}},"loc":{"start":{"line":74,"column":19},"end":{"line":77,"column":3}},"line":74},"9":{"name":"(anonymous_9)","decl":{"start":{"line":81,"column":2},"end":{"line":81,"column":3}},"loc":{"start":{"line":81,"column":22},"end":{"line":88,"column":3}},"line":81},"10":{"name":"(anonymous_10)","decl":{"start":{"line":89,"column":2},"end":{"line":89,"column":3}},"loc":{"start":{"line":89,"column":19},"end":{"line":92,"column":3}},"line":89}},"branchMap":{"0":{"loc":{"start":{"line":7,"column":2},"end":{"line":9,"column":3}},"type":"if","locations":[{"start":{"line":7,"column":2},"end":{"line":9,"column":3}},{"start":{},"end":{}}],"line":7},"1":{"loc":{"start":{"line":22,"column":4},"end":{"line":25,"column":5}},"type":"if","locations":[{"start":{"line":22,"column":4},"end":{"line":25,"column":5}},{"start":{},"end":{}}],"line":22},"2":{"loc":{"start":{"line":34,"column":4},"end":{"line":49,"column":5}},"type":"if","locations":[{"start":{"line":34,"column":4},"end":{"line":49,"column":5}},{"start":{"line":41,"column":11},"end":{"line":49,"column":5}}],"line":34},"3":{"loc":{"start":{"line":36,"column":6},"end":{"line":40,"column":7}},"type":"if","locations":[{"start":{"line":36,"column":6},"end":{"line":40,"column":7}},{"start":{"line":38,"column":13},"end":{"line":40,"column":7}}],"line":36},"4":{"loc":{"start":{"line":43,"column":6},"end":{"line":45,"column":7}},"type":"if","locations":[{"start":{"line":43,"column":6},"end":{"line":45,"column":7}},{"start":{},"end":{}}],"line":43},"5":{"loc":{"start":{"line":46,"column":6},"end":{"line":48,"column":55}},"type":"cond-expr","locations":[{"start":{"line":47,"column":11},"end":{"line":47,"column":53}},{"start":{"line":48,"column":11},"end":{"line":48,"column":54}}],"line":46},"6":{"loc":{"start":{"line":84,"column":4},"end":{"line":86,"column":5}},"type":"if","locations":[{"start":{"line":84,"column":4},"end":{"line":86,"column":5}},{"start":{},"end":{}}],"line":84}},"s":{"0":0,"1":0,"2":0,"3":0,"4":0,"5":0,"6":0,"7":0,"8":0,"9":0,"10":0,"11":0,"12":0,"13":0,"14":0,"15":0,"16":0,"17":0,"18":0,"19":0,"20":0,"21":0,"22":0,"23":0,"24":0,"25":0,"26":0,"27":0,"28":0,"29":0,"30":0,"31":0,"32":0,"33":0,"34":0,"35":0,"36":0,"37":0,"38":0,"39":0,"40":0,"41":0,"42":0},"f":{"0":0,"1":0,"2":0,"3":0,"4":0,"5":0,"6":0,"7":0,"8":0,"9":0,"10":0},"b":{"0":[0,0],"1":[0,0],"2":[0,0],"3":[0,0],"4":[0,0],"5":[0,0],"6":[0,0]}}
,"C:\\Users\\Administrator\\PycharmProjects\\NFUELibrary\\nodeServer\\fuckinglib\\index.js": {"path":"C:\\Users\\Administrator\\PycharmProjects\\NFUELibrary\\nodeServer\\fuckinglib\\index.js","statementMap":{"0":{"start":{"line":1,"column":48},"end":{"line":1,"column":71}},"1":{"start":{"line":2,"column":31},"end":{"line":2,"column":51}},"2":{"start":{"line":4,"column":25},"end":{"line":4,"column":50}},"3":{"start":{"line":5,"column":18},"end":{"line":5,"column":41}},"4":{"start":{"line":6,"column":17},"end":{"line":6,"column":34}},"5":{"start":{"line":7,"column":14},"end":{"line":7,"column":30}},"6":{"start":{"line":13,"column":4},"end":{"line":13,"column":35}},"7":{"start":{"line":15,"column":22},"end":{"line":15,"column":26}},"8":{"start":{"line":16,"column":20},"end":{"line":16,"column":24}},"9":{"start":{"line":17,"column":19},"end":{"line":17,"column":20}},"10":{"start":{"line":18,"column":25},"end":{"line":18,"column":27}},"11":{"start":{"line":35,"column":18},"end":{"line":44,"column":1}},"12":{"start":{"line":41,"column":4},"end":{"line":41,"column":25}},"13":{"start":{"line":42,"column":4},"end":{"line":42,"column":27}},"14":{"start":{"line":62,"column":18},"end":{"line":71,"column":1}},"15":{"start":{"line":68,"column":4},"end":{"line":68,"column":25}},"16":{"start":{"line":91,"column":23},"end":{"line":105,"column":1}},"17":{"start":{"line":98,"column":4},"end":{"line":103,"column":12}},"18":{"start":{"line":100,"column":6},"end":{"line":100,"column":20}},"19":{"start":{"line":101,"column":6},"end":{"line":101,"column":42}},"20":{"start":{"line":101,"column":23},"end":{"line":101,"column":36}},"21":{"start":{"line":102,"column":6},"end":{"line":102,"column":43}},"22":{"start":{"line":102,"column":23},"end":{"line":102,"column":36}},"23":{"start":{"line":125,"column":17},"end":{"line":136,"column":1}},"24":{"start":{"line":131,"column":4},"end":{"line":131,"column":67}},"25":{"start":{"line":132,"column":4},"end":{"line":132,"column":35}},"26":{"start":{"line":133,"column":4},"end":{"line":133,"column":27}},"27":{"start":{"line":134,"column":4},"end":{"line":134,"column":21}},"28":{"start":{"line":147,"column":0},"end":{"line":162,"column":2}},"29":{"start":{"line":151,"column":4},"end":{"line":151,"column":27}},"30":{"start":{"line":152,"column":4},"end":{"line":152,"column":25}},"31":{"start":{"line":154,"column":4},"end":{"line":154,"column":35}},"32":{"start":{"line":155,"column":4},"end":{"line":155,"column":27}},"33":{"start":{"line":157,"column":4},"end":{"line":157,"column":21}},"34":{"start":{"line":160,"column":4},"end":{"line":160,"column":30}},"35":{"start":{"line":167,"column":0},"end":{"line":173,"column":2}},"36":{"start":{"line":170,"column":4},"end":{"line":170,"column":27}},"37":{"start":{"line":171,"column":4},"end":{"line":171,"column":25}},"38":{"start":{"line":178,"column":0},"end":{"line":191,"column":2}},"39":{"start":{"line":181,"column":4},"end":{"line":181,"column":27}},"40":{"start":{"line":182,"column":4},"end":{"line":182,"column":25}},"41":{"start":{"line":184,"column":4},"end":{"line":184,"column":35}},"42":{"start":{"line":185,"column":4},"end":{"line":185,"column":27}},"43":{"start":{"line":188,"column":4},"end":{"line":188,"column":44}},"44":{"start":{"line":189,"column":4},"end":{"line":189,"column":21}},"45":{"start":{"line":195,"column":16},"end":{"line":199,"column":4}},"46":{"start":{"line":200,"column":16},"end":{"line":204,"column":4}},"47":{"start":{"line":205,"column":2},"end":{"line":212,"column":3}},"48":{"start":{"line":206,"column":16},"end":{"line":206,"column":49}},"49":{"start":{"line":207,"column":4},"end":{"line":209,"column":5}},"50":{"start":{"line":208,"column":6},"end":{"line":208,"column":34}},"51":{"start":{"line":211,"column":4},"end":{"line":211,"column":33}},"52":{"start":{"line":219,"column":23},"end":{"line":219,"column":24}},"53":{"start":{"line":223,"column":2},"end":{"line":227,"column":3}},"54":{"start":{"line":224,"column":4},"end":{"line":224,"column":43}},"55":{"start":{"line":225,"column":4},"end":{"line":225,"column":35}},"56":{"start":{"line":226,"column":4},"end":{"line":226,"column":25}},"57":{"start":{"line":231,"column":2},"end":{"line":233,"column":3}},"58":{"start":{"line":232,"column":4},"end":{"line":232,"column":34}},"59":{"start":{"line":236,"column":19},"end":{"line":238,"column":77}},"60":{"start":{"line":240,"column":22},"end":{"line":240,"column":66}},"61":{"start":{"line":243,"column":2},"end":{"line":245,"column":3}},"62":{"start":{"line":244,"column":4},"end":{"line":244,"column":64}},"63":{"start":{"line":247,"column":2},"end":{"line":280,"column":3}},"64":{"start":{"line":248,"column":16},"end":{"line":257,"column":6}},"65":{"start":{"line":259,"column":29},"end":{"line":259,"column":37}},"66":{"start":{"line":261,"column":4},"end":{"line":277,"column":5}},"67":{"start":{"line":262,"column":23},"end":{"line":262,"column":36}},"68":{"start":{"line":264,"column":6},"end":{"line":266,"column":7}},"69":{"start":{"line":265,"column":8},"end":{"line":265,"column":39}},"70":{"start":{"line":268,"column":6},"end":{"line":273,"column":7}},"71":{"start":{"line":269,"column":8},"end":{"line":269,"column":27}},"72":{"start":{"line":270,"column":8},"end":{"line":272,"column":9}},"73":{"start":{"line":271,"column":10},"end":{"line":271,"column":31}},"74":{"start":{"line":274,"column":11},"end":{"line":277,"column":5}},"75":{"start":{"line":275,"column":6},"end":{"line":275,"column":56}},"76":{"start":{"line":276,"column":6},"end":{"line":276,"column":29}},"77":{"start":{"line":282,"column":2},"end":{"line":282,"column":17}},"78":{"start":{"line":286,"column":2},"end":{"line":312,"column":3}},"79":{"start":{"line":287,"column":16},"end":{"line":292,"column":6}},"80":{"start":{"line":293,"column":21},"end":{"line":293,"column":29}},"81":{"start":{"line":294,"column":25},"end":{"line":294,"column":29}},"82":{"start":{"line":295,"column":4},"end":{"line":305,"column":5}},"83":{"start":{"line":296,"column":6},"end":{"line":299,"column":8}},"84":{"start":{"line":301,"column":6},"end":{"line":304,"column":8}},"85":{"start":{"line":307,"column":4},"end":{"line":307,"column":23}},"86":{"start":{"line":308,"column":4},"end":{"line":311,"column":6}},"87":{"start":{"line":321,"column":2},"end":{"line":321,"column":37}},"88":{"start":{"line":323,"column":2},"end":{"line":440,"column":3}},"89":{"start":{"line":325,"column":23},"end":{"line":328,"column":6}},"90":{"start":{"line":330,"column":4},"end":{"line":332,"column":5}},"91":{"start":{"line":331,"column":6},"end":{"line":331,"column":50}},"92":{"start":{"line":334,"column":17},"end":{"line":334,"column":59}},"93":{"start":{"line":337,"column":24},"end":{"line":337,"column":28}},"94":{"start":{"line":338,"column":20},"end":{"line":338,"column":24}},"95":{"start":{"line":340,"column":4},"end":{"line":364,"column":5}},"96":{"start":{"line":341,"column":6},"end":{"line":341,"column":33}},"97":{"start":{"line":341,"column":24},"end":{"line":341,"column":33}},"98":{"start":{"line":344,"column":24},"end":{"line":348,"column":8}},"99":{"start":{"line":350,"column":21},"end":{"line":350,"column":82}},"100":{"start":{"line":351,"column":6},"end":{"line":351,"column":28}},"101":{"start":{"line":351,"column":19},"end":{"line":351,"column":28}},"102":{"start":{"line":354,"column":25},"end":{"line":354,"column":31}},"103":{"start":{"line":355,"column":6},"end":{"line":361,"column":7}},"104":{"start":{"line":356,"column":8},"end":{"line":360,"column":9}},"105":{"start":{"line":357,"column":10},"end":{"line":357,"column":31}},"106":{"start":{"line":358,"column":10},"end":{"line":358,"column":26}},"107":{"start":{"line":359,"column":10},"end":{"line":359,"column":16}},"108":{"start":{"line":363,"column":6},"end":{"line":363,"column":31}},"109":{"start":{"line":363,"column":25},"end":{"line":363,"column":31}},"110":{"start":{"line":366,"column":4},"end":{"line":368,"column":5}},"111":{"start":{"line":367,"column":6},"end":{"line":367,"column":51}},"112":{"start":{"line":370,"column":4},"end":{"line":370,"column":77}},"113":{"start":{"line":373,"column":24},"end":{"line":382,"column":5}},"114":{"start":{"line":384,"column":23},"end":{"line":389,"column":6}},"115":{"start":{"line":391,"column":4},"end":{"line":394,"column":5}},"116":{"start":{"line":392,"column":23},"end":{"line":392,"column":89}},"117":{"start":{"line":393,"column":6},"end":{"line":393,"column":57}},"118":{"start":{"line":396,"column":4},"end":{"line":398,"column":5}},"119":{"start":{"line":397,"column":6},"end":{"line":397,"column":49}},"120":{"start":{"line":400,"column":4},"end":{"line":400,"column":38}},"121":{"start":{"line":403,"column":26},"end":{"line":412,"column":6}},"122":{"start":{"line":414,"column":25},"end":{"line":414,"column":82}},"123":{"start":{"line":415,"column":4},"end":{"line":430,"column":5}},"124":{"start":{"line":416,"column":28},"end":{"line":416,"column":46}},"125":{"start":{"line":418,"column":6},"end":{"line":427,"column":9}},"126":{"start":{"line":429,"column":6},"end":{"line":429,"column":38}},"127":{"start":{"line":432,"column":4},"end":{"line":435,"column":6}},"128":{"start":{"line":438,"column":4},"end":{"line":438,"column":43}},"129":{"start":{"line":439,"column":4},"end":{"line":439,"column":60}},"130":{"start":{"line":447,"column":2},"end":{"line":454,"column":3}},"131":{"start":{"line":448,"column":19},"end":{"line":448,"column":31}},"132":{"start":{"line":449,"column":17},"end":{"line":449,"column":48}},"133":{"start":{"line":450,"column":4},"end":{"line":450,"column":16}},"134":{"start":{"line":453,"column":4},"end":{"line":453,"column":15}},"135":{"start":{"line":461,"column":2},"end":{"line":488,"column":3}},"136":{"start":{"line":462,"column":20},"end":{"line":462,"column":151}},"137":{"start":{"line":464,"column":21},"end":{"line":470,"column":6}},"138":{"start":{"line":468,"column":8},"end":{"line":468,"column":45}},"139":{"start":{"line":473,"column":20},"end":{"line":473,"column":50}},"140":{"start":{"line":475,"column":4},"end":{"line":484,"column":5}},"141":{"start":{"line":477,"column":22},"end":{"line":477,"column":46}},"142":{"start":{"line":478,"column":22},"end":{"line":478,"column":46}},"143":{"start":{"line":479,"column":6},"end":{"line":479,"column":38}},"144":{"start":{"line":480,"column":11},"end":{"line":484,"column":5}},"145":{"start":{"line":481,"column":6},"end":{"line":481,"column":38}},"146":{"start":{"line":483,"column":6},"end":{"line":483,"column":51}},"147":{"start":{"line":486,"column":4},"end":{"line":486,"column":54}},"148":{"start":{"line":487,"column":4},"end":{"line":487,"column":16}},"149":{"start":{"line":492,"column":24},"end":{"line":492,"column":40}},"150":{"start":{"line":493,"column":2},"end":{"line":516,"column":3}},"151":{"start":{"line":494,"column":4},"end":{"line":494,"column":32}},"152":{"start":{"line":495,"column":4},"end":{"line":510,"column":5}},"153":{"start":{"line":496,"column":18},"end":{"line":496,"column":38}},"154":{"start":{"line":498,"column":6},"end":{"line":503,"column":7}},"155":{"start":{"line":499,"column":8},"end":{"line":499,"column":33}},"156":{"start":{"line":501,"column":27},"end":{"line":501,"column":54}},"157":{"start":{"line":502,"column":8},"end":{"line":502,"column":36}},"158":{"start":{"line":504,"column":6},"end":{"line":504,"column":21}},"159":{"start":{"line":506,"column":6},"end":{"line":509,"column":8}},"160":{"start":{"line":512,"column":4},"end":{"line":515,"column":6}},"161":{"start":{"line":523,"column":24},"end":{"line":523,"column":40}},"162":{"start":{"line":525,"column":2},"end":{"line":531,"column":3}},"163":{"start":{"line":526,"column":4},"end":{"line":529,"column":6}},"164":{"start":{"line":530,"column":4},"end":{"line":530,"column":11}},"165":{"start":{"line":533,"column":2},"end":{"line":583,"column":3}},"166":{"start":{"line":535,"column":17},"end":{"line":535,"column":46}},"167":{"start":{"line":537,"column":4},"end":{"line":543,"column":5}},"168":{"start":{"line":538,"column":6},"end":{"line":541,"column":8}},"169":{"start":{"line":542,"column":6},"end":{"line":542,"column":13}},"170":{"start":{"line":545,"column":4},"end":{"line":545,"column":52}},"171":{"start":{"line":548,"column":19},"end":{"line":548,"column":46}},"172":{"start":{"line":550,"column":4},"end":{"line":550,"column":57}},"173":{"start":{"line":553,"column":4},"end":{"line":553,"column":29}},"174":{"start":{"line":556,"column":25},"end":{"line":556,"column":45}},"175":{"start":{"line":558,"column":4},"end":{"line":576,"column":5}},"176":{"start":{"line":560,"column":6},"end":{"line":560,"column":31}},"177":{"start":{"line":563,"column":25},"end":{"line":563,"column":52}},"178":{"start":{"line":565,"column":6},"end":{"line":570,"column":8}},"179":{"start":{"line":572,"column":6},"end":{"line":575,"column":8}},"180":{"start":{"line":578,"column":4},"end":{"line":578,"column":54}},"181":{"start":{"line":579,"column":4},"end":{"line":582,"column":6}},"182":{"start":{"line":586,"column":2},"end":{"line":594,"column":3}},"183":{"start":{"line":587,"column":16},"end":{"line":587,"column":36}},"184":{"start":{"line":588,"column":4},"end":{"line":588,"column":19}},"185":{"start":{"line":590,"column":4},"end":{"line":593,"column":6}},"186":{"start":{"line":604,"column":2},"end":{"line":608,"column":3}},"187":{"start":{"line":605,"column":4},"end":{"line":607,"column":5}},"188":{"start":{"line":606,"column":6},"end":{"line":606,"column":22}},"189":{"start":{"line":609,"column":2},"end":{"line":609,"column":14}},"190":{"start":{"line":617,"column":2},"end":{"line":671,"column":3}},"191":{"start":{"line":618,"column":16},"end":{"line":625,"column":6}},"192":{"start":{"line":627,"column":4},"end":{"line":663,"column":5}},"193":{"start":{"line":628,"column":23},"end":{"line":628,"column":78}},"194":{"start":{"line":631,"column":18},"end":{"line":631,"column":50}},"195":{"start":{"line":633,"column":6},"end":{"line":638,"column":7}},"196":{"start":{"line":634,"column":8},"end":{"line":637,"column":10}},"197":{"start":{"line":641,"column":6},"end":{"line":641,"column":29}},"198":{"start":{"line":642,"column":6},"end":{"line":642,"column":25}},"199":{"start":{"line":643,"column":6},"end":{"line":643,"column":35}},"200":{"start":{"line":645,"column":6},"end":{"line":645,"column":60}},"201":{"start":{"line":648,"column":6},"end":{"line":648,"column":31}},"202":{"start":{"line":650,"column":6},"end":{"line":657,"column":8}},"203":{"start":{"line":659,"column":6},"end":{"line":662,"column":8}},"204":{"start":{"line":665,"column":4},"end":{"line":665,"column":23}},"205":{"start":{"line":666,"column":4},"end":{"line":670,"column":6}},"206":{"start":{"line":675,"column":2},"end":{"line":679,"column":3}},"207":{"start":{"line":675,"column":15},"end":{"line":675,"column":16}},"208":{"start":{"line":676,"column":4},"end":{"line":678,"column":5}},"209":{"start":{"line":677,"column":6},"end":{"line":677,"column":33}},"210":{"start":{"line":683,"column":2},"end":{"line":728,"column":3}},"211":{"start":{"line":684,"column":16},"end":{"line":688,"column":6}},"212":{"start":{"line":689,"column":21},"end":{"line":689,"column":56}},"213":{"start":{"line":692,"column":4},"end":{"line":692,"column":38}},"214":{"start":{"line":695,"column":4},"end":{"line":702,"column":7}},"215":{"start":{"line":696,"column":21},"end":{"line":700,"column":7}},"216":{"start":{"line":701,"column":6},"end":{"line":701,"column":27}},"217":{"start":{"line":705,"column":21},"end":{"line":705,"column":45}},"218":{"start":{"line":707,"column":4},"end":{"line":722,"column":5}},"219":{"start":{"line":708,"column":6},"end":{"line":716,"column":8}},"220":{"start":{"line":718,"column":6},"end":{"line":721,"column":8}},"221":{"start":{"line":724,"column":4},"end":{"line":727,"column":6}},"222":{"start":{"line":735,"column":2},"end":{"line":745,"column":3}},"223":{"start":{"line":736,"column":16},"end":{"line":736,"column":34}},"224":{"start":{"line":737,"column":4},"end":{"line":739,"column":5}},"225":{"start":{"line":738,"column":6},"end":{"line":738,"column":21}},"226":{"start":{"line":741,"column":4},"end":{"line":744,"column":6}},"227":{"start":{"line":753,"column":2},"end":{"line":761,"column":4}},"228":{"start":{"line":765,"column":30},"end":{"line":765,"column":46}},"229":{"start":{"line":766,"column":2},"end":{"line":774,"column":3}},"230":{"start":{"line":767,"column":16},"end":{"line":767,"column":69}},"231":{"start":{"line":768,"column":4},"end":{"line":768,"column":19}},"232":{"start":{"line":770,"column":4},"end":{"line":773,"column":6}},"233":{"start":{"line":781,"column":2},"end":{"line":787,"column":3}},"234":{"start":{"line":782,"column":4},"end":{"line":785,"column":6}},"235":{"start":{"line":786,"column":4},"end":{"line":786,"column":11}},"236":{"start":{"line":788,"column":2},"end":{"line":794,"column":3}},"237":{"start":{"line":789,"column":4},"end":{"line":792,"column":6}},"238":{"start":{"line":793,"column":4},"end":{"line":793,"column":11}},"239":{"start":{"line":796,"column":2},"end":{"line":796,"column":31}},"240":{"start":{"line":797,"column":2},"end":{"line":810,"column":3}},"241":{"start":{"line":798,"column":4},"end":{"line":798,"column":24}},"242":{"start":{"line":799,"column":4},"end":{"line":802,"column":6}},"243":{"start":{"line":804,"column":4},"end":{"line":804,"column":35}},"244":{"start":{"line":805,"column":4},"end":{"line":809,"column":6}},"245":{"start":{"line":817,"column":2},"end":{"line":823,"column":3}},"246":{"start":{"line":818,"column":4},"end":{"line":821,"column":6}},"247":{"start":{"line":822,"column":4},"end":{"line":822,"column":11}},"248":{"start":{"line":824,"column":2},"end":{"line":830,"column":3}},"249":{"start":{"line":825,"column":4},"end":{"line":828,"column":6}},"250":{"start":{"line":829,"column":4},"end":{"line":829,"column":11}},"251":{"start":{"line":832,"column":2},"end":{"line":838,"column":3}},"252":{"start":{"line":833,"column":4},"end":{"line":836,"column":6}},"253":{"start":{"line":837,"column":4},"end":{"line":837,"column":11}},"254":{"start":{"line":840,"column":2},"end":{"line":840,"column":43}},"255":{"start":{"line":841,"column":2},"end":{"line":841,"column":71}},"256":{"start":{"line":844,"column":2},"end":{"line":849,"column":10}},"257":{"start":{"line":846,"column":4},"end":{"line":846,"column":18}},"258":{"start":{"line":847,"column":4},"end":{"line":847,"column":40}},"259":{"start":{"line":847,"column":21},"end":{"line":847,"column":34}},"260":{"start":{"line":848,"column":4},"end":{"line":848,"column":41}},"261":{"start":{"line":848,"column":21},"end":{"line":848,"column":34}},"262":{"start":{"line":852,"column":2},"end":{"line":863,"column":13}},"263":{"start":{"line":853,"column":4},"end":{"line":856,"column":5}},"264":{"start":{"line":854,"column":6},"end":{"line":854,"column":28}},"265":{"start":{"line":855,"column":6},"end":{"line":855,"column":27}},"266":{"start":{"line":857,"column":4},"end":{"line":860,"column":5}},"267":{"start":{"line":858,"column":6},"end":{"line":858,"column":37}},"268":{"start":{"line":859,"column":6},"end":{"line":859,"column":29}},"269":{"start":{"line":861,"column":4},"end":{"line":861,"column":21}},"270":{"start":{"line":862,"column":4},"end":{"line":862,"column":34}},"271":{"start":{"line":865,"column":2},"end":{"line":868,"column":4}},"272":{"start":{"line":876,"column":2},"end":{"line":876,"column":20}},"273":{"start":{"line":877,"column":2},"end":{"line":1163,"column":6}},"274":{"start":{"line":1171,"column":25},"end":{"line":1171,"column":41}},"275":{"start":{"line":1173,"column":2},"end":{"line":1179,"column":3}},"276":{"start":{"line":1174,"column":4},"end":{"line":1177,"column":6}},"277":{"start":{"line":1178,"column":4},"end":{"line":1178,"column":11}},"278":{"start":{"line":1182,"column":2},"end":{"line":1188,"column":3}},"279":{"start":{"line":1183,"column":4},"end":{"line":1186,"column":6}},"280":{"start":{"line":1187,"column":4},"end":{"line":1187,"column":11}},"281":{"start":{"line":1190,"column":2},"end":{"line":1304,"column":3}},"282":{"start":{"line":1192,"column":25},"end":{"line":1192,"column":80}},"283":{"start":{"line":1192,"column":56},"end":{"line":1192,"column":64}},"284":{"start":{"line":1192,"column":78},"end":{"line":1192,"column":79}},"285":{"start":{"line":1193,"column":21},"end":{"line":1193,"column":23}},"286":{"start":{"line":1195,"column":4},"end":{"line":1195,"column":59}},"287":{"start":{"line":1197,"column":4},"end":{"line":1266,"column":5}},"288":{"start":{"line":1198,"column":35},"end":{"line":1198,"column":57}},"289":{"start":{"line":1199,"column":6},"end":{"line":1205,"column":7}},"290":{"start":{"line":1200,"column":8},"end":{"line":1203,"column":10}},"291":{"start":{"line":1204,"column":8},"end":{"line":1204,"column":15}},"292":{"start":{"line":1207,"column":20},"end":{"line":1207,"column":45}},"293":{"start":{"line":1208,"column":24},"end":{"line":1208,"column":77}},"294":{"start":{"line":1208,"column":53},"end":{"line":1208,"column":61}},"295":{"start":{"line":1208,"column":75},"end":{"line":1208,"column":76}},"296":{"start":{"line":1210,"column":6},"end":{"line":1210,"column":75}},"297":{"start":{"line":1213,"column":6},"end":{"line":1265,"column":7}},"298":{"start":{"line":1214,"column":20},"end":{"line":1221,"column":10}},"299":{"start":{"line":1223,"column":8},"end":{"line":1223,"column":91}},"300":{"start":{"line":1225,"column":8},"end":{"line":1232,"column":9}},"301":{"start":{"line":1226,"column":10},"end":{"line":1226,"column":59}},"302":{"start":{"line":1227,"column":10},"end":{"line":1230,"column":12}},"303":{"start":{"line":1231,"column":10},"end":{"line":1231,"column":17}},"304":{"start":{"line":1234,"column":8},"end":{"line":1241,"column":9}},"305":{"start":{"line":1235,"column":10},"end":{"line":1235,"column":52}},"306":{"start":{"line":1236,"column":10},"end":{"line":1239,"column":12}},"307":{"start":{"line":1240,"column":10},"end":{"line":1240,"column":17}},"308":{"start":{"line":1243,"column":25},"end":{"line":1243,"column":80}},"309":{"start":{"line":1246,"column":8},"end":{"line":1257,"column":9}},"310":{"start":{"line":1247,"column":22},"end":{"line":1247,"column":54}},"311":{"start":{"line":1248,"column":10},"end":{"line":1256,"column":11}},"312":{"start":{"line":1249,"column":12},"end":{"line":1253,"column":15}},"313":{"start":{"line":1255,"column":12},"end":{"line":1255,"column":59}},"314":{"start":{"line":1259,"column":8},"end":{"line":1259,"column":54}},"315":{"start":{"line":1260,"column":8},"end":{"line":1263,"column":10}},"316":{"start":{"line":1264,"column":8},"end":{"line":1264,"column":15}},"317":{"start":{"line":1268,"column":4},"end":{"line":1274,"column":5}},"318":{"start":{"line":1269,"column":6},"end":{"line":1272,"column":8}},"319":{"start":{"line":1273,"column":6},"end":{"line":1273,"column":13}},"320":{"start":{"line":1277,"column":4},"end":{"line":1277,"column":39}},"321":{"start":{"line":1278,"column":4},"end":{"line":1278,"column":35}},"322":{"start":{"line":1279,"column":4},"end":{"line":1279,"column":41}},"323":{"start":{"line":1280,"column":4},"end":{"line":1280,"column":32}},"324":{"start":{"line":1283,"column":4},"end":{"line":1297,"column":5}},"325":{"start":{"line":1284,"column":6},"end":{"line":1284,"column":31}},"326":{"start":{"line":1285,"column":26},"end":{"line":1285,"column":81}},"327":{"start":{"line":1285,"column":44},"end":{"line":1285,"column":69}},"328":{"start":{"line":1286,"column":6},"end":{"line":1291,"column":8}},"329":{"start":{"line":1293,"column":6},"end":{"line":1296,"column":8}},"330":{"start":{"line":1299,"column":4},"end":{"line":1299,"column":46}},"331":{"start":{"line":1300,"column":4},"end":{"line":1303,"column":6}},"332":{"start":{"line":1311,"column":2},"end":{"line":1317,"column":3}},"333":{"start":{"line":1312,"column":4},"end":{"line":1315,"column":6}},"334":{"start":{"line":1316,"column":4},"end":{"line":1316,"column":11}},"335":{"start":{"line":1320,"column":19},"end":{"line":1324,"column":13}},"336":{"start":{"line":1326,"column":2},"end":{"line":1332,"column":3}},"337":{"start":{"line":1327,"column":4},"end":{"line":1330,"column":6}},"338":{"start":{"line":1331,"column":4},"end":{"line":1331,"column":11}},"339":{"start":{"line":1334,"column":2},"end":{"line":1334,"column":31}},"340":{"start":{"line":1336,"column":2},"end":{"line":1439,"column":3}},"341":{"start":{"line":1337,"column":4},"end":{"line":1337,"column":87}},"342":{"start":{"line":1340,"column":24},"end":{"line":1349,"column":5}},"343":{"start":{"line":1351,"column":23},"end":{"line":1356,"column":6}},"344":{"start":{"line":1358,"column":19},"end":{"line":1358,"column":41}},"345":{"start":{"line":1359,"column":17},"end":{"line":1359,"column":37}},"346":{"start":{"line":1361,"column":4},"end":{"line":1369,"column":5}},"347":{"start":{"line":1362,"column":23},"end":{"line":1362,"column":57}},"348":{"start":{"line":1363,"column":6},"end":{"line":1363,"column":44}},"349":{"start":{"line":1364,"column":6},"end":{"line":1367,"column":8}},"350":{"start":{"line":1368,"column":6},"end":{"line":1368,"column":13}},"351":{"start":{"line":1371,"column":4},"end":{"line":1432,"column":5}},"352":{"start":{"line":1372,"column":25},"end":{"line":1372,"column":54}},"353":{"start":{"line":1373,"column":6},"end":{"line":1373,"column":50}},"354":{"start":{"line":1376,"column":6},"end":{"line":1376,"column":39}},"355":{"start":{"line":1377,"column":30},"end":{"line":1381,"column":7}},"356":{"start":{"line":1383,"column":28},"end":{"line":1388,"column":8}},"357":{"start":{"line":1390,"column":6},"end":{"line":1426,"column":7}},"358":{"start":{"line":1391,"column":28},"end":{"line":1391,"column":85}},"359":{"start":{"line":1392,"column":30},"end":{"line":1392,"column":44}},"360":{"start":{"line":1394,"column":8},"end":{"line":1394,"column":39}},"361":{"start":{"line":1395,"column":27},"end":{"line":1399,"column":9}},"362":{"start":{"line":1401,"column":26},"end":{"line":1406,"column":10}},"363":{"start":{"line":1408,"column":8},"end":{"line":1420,"column":9}},"364":{"start":{"line":1409,"column":10},"end":{"line":1409,"column":42}},"365":{"start":{"line":1410,"column":10},"end":{"line":1413,"column":12}},"366":{"start":{"line":1415,"column":10},"end":{"line":1415,"column":39}},"367":{"start":{"line":1416,"column":10},"end":{"line":1419,"column":12}},"368":{"start":{"line":1422,"column":8},"end":{"line":1425,"column":10}},"369":{"start":{"line":1428,"column":6},"end":{"line":1431,"column":8}},"370":{"start":{"line":1434,"column":4},"end":{"line":1434,"column":35}},"371":{"start":{"line":1435,"column":4},"end":{"line":1438,"column":6}},"372":{"start":{"line":1446,"column":30},"end":{"line":1446,"column":46}},"373":{"start":{"line":1448,"column":2},"end":{"line":1454,"column":3}},"374":{"start":{"line":1449,"column":4},"end":{"line":1452,"column":6}},"375":{"start":{"line":1453,"column":4},"end":{"line":1453,"column":11}},"376":{"start":{"line":1456,"column":2},"end":{"line":1515,"column":3}},"377":{"start":{"line":1458,"column":19},"end":{"line":1458,"column":72}},"378":{"start":{"line":1460,"column":4},"end":{"line":1463,"column":5}},"379":{"start":{"line":1461,"column":6},"end":{"line":1461,"column":24}},"380":{"start":{"line":1462,"column":6},"end":{"line":1462,"column":13}},"381":{"start":{"line":1465,"column":16},"end":{"line":1465,"column":47}},"382":{"start":{"line":1466,"column":20},"end":{"line":1466,"column":39}},"383":{"start":{"line":1469,"column":4},"end":{"line":1471,"column":5}},"384":{"start":{"line":1470,"column":6},"end":{"line":1470,"column":28}},"385":{"start":{"line":1474,"column":19},"end":{"line":1476,"column":5}},"386":{"start":{"line":1475,"column":14},"end":{"line":1475,"column":60}},"387":{"start":{"line":1478,"column":4},"end":{"line":1484,"column":5}},"388":{"start":{"line":1479,"column":6},"end":{"line":1482,"column":8}},"389":{"start":{"line":1483,"column":6},"end":{"line":1483,"column":13}},"390":{"start":{"line":1487,"column":4},"end":{"line":1492,"column":7}},"391":{"start":{"line":1494,"column":4},"end":{"line":1494,"column":57}},"392":{"start":{"line":1497,"column":4},"end":{"line":1497,"column":29}},"393":{"start":{"line":1499,"column":4},"end":{"line":1508,"column":6}},"394":{"start":{"line":1510,"column":4},"end":{"line":1510,"column":35}},"395":{"start":{"line":1511,"column":4},"end":{"line":1514,"column":6}},"396":{"start":{"line":1522,"column":30},"end":{"line":1522,"column":46}},"397":{"start":{"line":1524,"column":2},"end":{"line":1530,"column":3}},"398":{"start":{"line":1525,"column":4},"end":{"line":1528,"column":6}},"399":{"start":{"line":1529,"column":4},"end":{"line":1529,"column":11}},"400":{"start":{"line":1532,"column":2},"end":{"line":1572,"column":3}},"401":{"start":{"line":1533,"column":4},"end":{"line":1539,"column":5}},"402":{"start":{"line":1534,"column":6},"end":{"line":1537,"column":8}},"403":{"start":{"line":1538,"column":6},"end":{"line":1538,"column":13}},"404":{"start":{"line":1541,"column":26},"end":{"line":1541,"column":49}},"405":{"start":{"line":1542,"column":4},"end":{"line":1544,"column":6}},"406":{"start":{"line":1543,"column":14},"end":{"line":1543,"column":63}},"407":{"start":{"line":1546,"column":4},"end":{"line":1552,"column":5}},"408":{"start":{"line":1547,"column":6},"end":{"line":1550,"column":8}},"409":{"start":{"line":1551,"column":6},"end":{"line":1551,"column":13}},"410":{"start":{"line":1554,"column":4},"end":{"line":1554,"column":57}},"411":{"start":{"line":1557,"column":4},"end":{"line":1557,"column":29}},"412":{"start":{"line":1559,"column":4},"end":{"line":1565,"column":6}},"413":{"start":{"line":1567,"column":4},"end":{"line":1567,"column":35}},"414":{"start":{"line":1568,"column":4},"end":{"line":1571,"column":6}},"415":{"start":{"line":1579,"column":2},"end":{"line":1595,"column":3}},"416":{"start":{"line":1580,"column":21},"end":{"line":1580,"column":43}},"417":{"start":{"line":1582,"column":4},"end":{"line":1588,"column":6}},"418":{"start":{"line":1590,"column":4},"end":{"line":1590,"column":37}},"419":{"start":{"line":1591,"column":4},"end":{"line":1594,"column":6}},"420":{"start":{"line":1602,"column":16},"end":{"line":1602,"column":49}},"421":{"start":{"line":1604,"column":2},"end":{"line":1610,"column":3}},"422":{"start":{"line":1605,"column":4},"end":{"line":1608,"column":6}},"423":{"start":{"line":1609,"column":4},"end":{"line":1609,"column":11}},"424":{"start":{"line":1612,"column":2},"end":{"line":1718,"column":3}},"425":{"start":{"line":1613,"column":16},"end":{"line":1618,"column":6}},"426":{"start":{"line":1620,"column":29},"end":{"line":1620,"column":37}},"427":{"start":{"line":1622,"column":4},"end":{"line":1628,"column":5}},"428":{"start":{"line":1623,"column":6},"end":{"line":1626,"column":8}},"429":{"start":{"line":1627,"column":6},"end":{"line":1627,"column":13}},"430":{"start":{"line":1630,"column":20},"end":{"line":1630,"column":52}},"431":{"start":{"line":1632,"column":4},"end":{"line":1638,"column":5}},"432":{"start":{"line":1633,"column":6},"end":{"line":1636,"column":8}},"433":{"start":{"line":1637,"column":6},"end":{"line":1637,"column":13}},"434":{"start":{"line":1640,"column":19},"end":{"line":1640,"column":37}},"435":{"start":{"line":1643,"column":18},"end":{"line":1648,"column":5}},"436":{"start":{"line":1651,"column":28},"end":{"line":1656,"column":5}},"437":{"start":{"line":1662,"column":23},"end":{"line":1662,"column":29}},"438":{"start":{"line":1664,"column":4},"end":{"line":1689,"column":7}},"439":{"start":{"line":1666,"column":6},"end":{"line":1668,"column":7}},"440":{"start":{"line":1667,"column":8},"end":{"line":1667,"column":15}},"441":{"start":{"line":1670,"column":23},"end":{"line":1677,"column":7}},"442":{"start":{"line":1680,"column":6},"end":{"line":1688,"column":7}},"443":{"start":{"line":1681,"column":8},"end":{"line":1681,"column":49}},"444":{"start":{"line":1682,"column":13},"end":{"line":1688,"column":7}},"445":{"start":{"line":1683,"column":8},"end":{"line":1683,"column":47}},"446":{"start":{"line":1684,"column":13},"end":{"line":1688,"column":7}},"447":{"start":{"line":1685,"column":8},"end":{"line":1685,"column":44}},"448":{"start":{"line":1687,"column":8},"end":{"line":1687,"column":51}},"449":{"start":{"line":1691,"column":4},"end":{"line":1708,"column":6}},"450":{"start":{"line":1710,"column":4},"end":{"line":1710,"column":91}},"451":{"start":{"line":1713,"column":4},"end":{"line":1713,"column":37}},"452":{"start":{"line":1714,"column":4},"end":{"line":1717,"column":6}},"453":{"start":{"line":1725,"column":2},"end":{"line":1783,"column":3}},"454":{"start":{"line":1727,"column":16},"end":{"line":1731,"column":6}},"455":{"start":{"line":1733,"column":29},"end":{"line":1733,"column":37}},"456":{"start":{"line":1735,"column":4},"end":{"line":1741,"column":5}},"457":{"start":{"line":1736,"column":6},"end":{"line":1739,"column":8}},"458":{"start":{"line":1740,"column":6},"end":{"line":1740,"column":13}},"459":{"start":{"line":1743,"column":17},"end":{"line":1743,"column":52}},"460":{"start":{"line":1745,"column":23},"end":{"line":1756,"column":7}},"461":{"start":{"line":1745,"column":40},"end":{"line":1756,"column":5}},"462":{"start":{"line":1759,"column":23},"end":{"line":1764,"column":56}},"463":{"start":{"line":1759,"column":56},"end":{"line":1764,"column":5}},"464":{"start":{"line":1766,"column":4},"end":{"line":1773,"column":6}},"465":{"start":{"line":1775,"column":4},"end":{"line":1775,"column":105}},"466":{"start":{"line":1778,"column":4},"end":{"line":1778,"column":40}},"467":{"start":{"line":1779,"column":4},"end":{"line":1782,"column":6}},"468":{"start":{"line":1786,"column":0},"end":{"line":1804,"column":2}}},"fnMap":{"0":{"name":"(anonymous_0)","decl":{"start":{"line":40,"column":2},"end":{"line":40,"column":3}},"loc":{"start":{"line":40,"column":8},"end":{"line":43,"column":3}},"line":40},"1":{"name":"(anonymous_1)","decl":{"start":{"line":67,"column":2},"end":{"line":67,"column":3}},"loc":{"start":{"line":67,"column":8},"end":{"line":70,"column":3}},"line":67},"2":{"name":"(anonymous_2)","decl":{"start":{"line":96,"column":2},"end":{"line":96,"column":3}},"loc":{"start":{"line":96,"column":8},"end":{"line":104,"column":3}},"line":96},"3":{"name":"(anonymous_3)","decl":{"start":{"line":98,"column":34},"end":{"line":98,"column":35}},"loc":{"start":{"line":98,"column":40},"end":{"line":103,"column":5}},"line":98},"4":{"name":"(anonymous_4)","decl":{"start":{"line":101,"column":17},"end":{"line":101,"column":18}},"loc":{"start":{"line":101,"column":23},"end":{"line":101,"column":36}},"line":101},"5":{"name":"(anonymous_5)","decl":{"start":{"line":102,"column":17},"end":{"line":102,"column":18}},"loc":{"start":{"line":102,"column":23},"end":{"line":102,"column":36}},"line":102},"6":{"name":"(anonymous_6)","decl":{"start":{"line":130,"column":2},"end":{"line":130,"column":3}},"loc":{"start":{"line":130,"column":8},"end":{"line":135,"column":3}},"line":130},"7":{"name":"(anonymous_7)","decl":{"start":{"line":149,"column":8},"end":{"line":149,"column":9}},"loc":{"start":{"line":149,"column":14},"end":{"line":161,"column":3}},"line":149},"8":{"name":"(anonymous_8)","decl":{"start":{"line":169,"column":8},"end":{"line":169,"column":9}},"loc":{"start":{"line":169,"column":14},"end":{"line":172,"column":3}},"line":169},"9":{"name":"(anonymous_9)","decl":{"start":{"line":180,"column":8},"end":{"line":180,"column":9}},"loc":{"start":{"line":180,"column":14},"end":{"line":190,"column":3}},"line":180},"10":{"name":"refreshPage","decl":{"start":{"line":194,"column":15},"end":{"line":194,"column":26}},"loc":{"start":{"line":194,"column":29},"end":{"line":213,"column":1}},"line":194},"11":{"name":"reserveSeat","decl":{"start":{"line":221,"column":15},"end":{"line":221,"column":26}},"loc":{"start":{"line":221,"column":29},"end":{"line":283,"column":1}},"line":221},"12":{"name":"(anonymous_12)","decl":{"start":{"line":232,"column":24},"end":{"line":232,"column":25}},"loc":{"start":{"line":232,"column":30},"end":{"line":232,"column":32}},"line":232},"13":{"name":"verifyCookie","decl":{"start":{"line":285,"column":15},"end":{"line":285,"column":27}},"loc":{"start":{"line":285,"column":30},"end":{"line":313,"column":1}},"line":285},"14":{"name":"autoTestReservation","decl":{"start":{"line":320,"column":15},"end":{"line":320,"column":34}},"loc":{"start":{"line":320,"column":37},"end":{"line":441,"column":1}},"line":320},"15":{"name":"extractCodeFromUrl","decl":{"start":{"line":446,"column":9},"end":{"line":446,"column":27}},"loc":{"start":{"line":446,"column":33},"end":{"line":455,"column":1}},"line":446},"16":{"name":"getCookieByCode","decl":{"start":{"line":460,"column":15},"end":{"line":460,"column":30}},"loc":{"start":{"line":460,"column":37},"end":{"line":489,"column":1}},"line":460},"17":{"name":"(anonymous_17)","decl":{"start":{"line":467,"column":22},"end":{"line":467,"column":23}},"loc":{"start":{"line":467,"column":40},"end":{"line":469,"column":7}},"line":467},"18":{"name":"setCookieController","decl":{"start":{"line":491,"column":15},"end":{"line":491,"column":34}},"loc":{"start":{"line":491,"column":40},"end":{"line":517,"column":1}},"line":491},"19":{"name":"setCookieByCodeController","decl":{"start":{"line":522,"column":15},"end":{"line":522,"column":40}},"loc":{"start":{"line":522,"column":46},"end":{"line":584,"column":1}},"line":522},"20":{"name":"verifyCookieController","decl":{"start":{"line":585,"column":15},"end":{"line":585,"column":37}},"loc":{"start":{"line":585,"column":43},"end":{"line":595,"column":1}},"line":585},"21":{"name":"getkeyByName","decl":{"start":{"line":603,"column":9},"end":{"line":603,"column":21}},"loc":{"start":{"line":603,"column":42},"end":{"line":610,"column":1}},"line":603},"22":{"name":"changeSeatByLibIdandSeatNumber","decl":{"start":{"line":616,"column":15},"end":{"line":616,"column":45}},"loc":{"start":{"line":616,"column":63},"end":{"line":672,"column":1}},"line":616},"23":{"name":"getLibNamebyLibId","decl":{"start":{"line":674,"column":9},"end":{"line":674,"column":26}},"loc":{"start":{"line":674,"column":34},"end":{"line":680,"column":1}},"line":674},"24":{"name":"getLibList","decl":{"start":{"line":682,"column":15},"end":{"line":682,"column":25}},"loc":{"start":{"line":682,"column":28},"end":{"line":729,"column":1}},"line":682},"25":{"name":"(anonymous_25)","decl":{"start":{"line":695,"column":21},"end":{"line":695,"column":22}},"loc":{"start":{"line":695,"column":31},"end":{"line":702,"column":5}},"line":695},"26":{"name":"asyncgetLibListController","decl":{"start":{"line":734,"column":15},"end":{"line":734,"column":40}},"loc":{"start":{"line":734,"column":46},"end":{"line":746,"column":1}},"line":734},"27":{"name":"syncgetLibListController","decl":{"start":{"line":752,"column":9},"end":{"line":752,"column":33}},"loc":{"start":{"line":752,"column":39},"end":{"line":762,"column":1}},"line":752},"28":{"name":"changeSeatController","decl":{"start":{"line":764,"column":15},"end":{"line":764,"column":35}},"loc":{"start":{"line":764,"column":41},"end":{"line":775,"column":1}},"line":764},"29":{"name":"manualReserveController","decl":{"start":{"line":780,"column":15},"end":{"line":780,"column":38}},"loc":{"start":{"line":780,"column":44},"end":{"line":811,"column":1}},"line":780},"30":{"name":"startContinuousReserveController","decl":{"start":{"line":816,"column":9},"end":{"line":816,"column":41}},"loc":{"start":{"line":816,"column":47},"end":{"line":869,"column":1}},"line":816},"31":{"name":"(anonymous_31)","decl":{"start":{"line":844,"column":32},"end":{"line":844,"column":33}},"loc":{"start":{"line":844,"column":38},"end":{"line":849,"column":3}},"line":844},"32":{"name":"(anonymous_32)","decl":{"start":{"line":847,"column":15},"end":{"line":847,"column":16}},"loc":{"start":{"line":847,"column":21},"end":{"line":847,"column":34}},"line":847},"33":{"name":"(anonymous_33)","decl":{"start":{"line":848,"column":15},"end":{"line":848,"column":16}},"loc":{"start":{"line":848,"column":21},"end":{"line":848,"column":34}},"line":848},"34":{"name":"(anonymous_34)","decl":{"start":{"line":852,"column":13},"end":{"line":852,"column":14}},"loc":{"start":{"line":852,"column":19},"end":{"line":863,"column":3}},"line":852},"35":{"name":"getQRCodePageController","decl":{"start":{"line":874,"column":15},"end":{"line":874,"column":38}},"loc":{"start":{"line":874,"column":44},"end":{"line":1164,"column":1}},"line":874},"36":{"name":"changeSeatMultiController","decl":{"start":{"line":1170,"column":15},"end":{"line":1170,"column":40}},"loc":{"start":{"line":1170,"column":46},"end":{"line":1305,"column":1}},"line":1170},"37":{"name":"(anonymous_37)","decl":{"start":{"line":1192,"column":51},"end":{"line":1192,"column":52}},"loc":{"start":{"line":1192,"column":56},"end":{"line":1192,"column":64}},"line":1192},"38":{"name":"(anonymous_38)","decl":{"start":{"line":1192,"column":73},"end":{"line":1192,"column":74}},"loc":{"start":{"line":1192,"column":78},"end":{"line":1192,"column":79}},"line":1192},"39":{"name":"(anonymous_39)","decl":{"start":{"line":1208,"column":48},"end":{"line":1208,"column":49}},"loc":{"start":{"line":1208,"column":53},"end":{"line":1208,"column":61}},"line":1208},"40":{"name":"(anonymous_40)","decl":{"start":{"line":1208,"column":70},"end":{"line":1208,"column":71}},"loc":{"start":{"line":1208,"column":75},"end":{"line":1208,"column":76}},"line":1208},"41":{"name":"(anonymous_41)","decl":{"start":{"line":1285,"column":39},"end":{"line":1285,"column":40}},"loc":{"start":{"line":1285,"column":44},"end":{"line":1285,"column":69}},"line":1285},"42":{"name":"testReserveAndCancelController","decl":{"start":{"line":1310,"column":15},"end":{"line":1310,"column":45}},"loc":{"start":{"line":1310,"column":51},"end":{"line":1440,"column":1}},"line":1310},"43":{"name":"addSeatToListController","decl":{"start":{"line":1445,"column":15},"end":{"line":1445,"column":38}},"loc":{"start":{"line":1445,"column":44},"end":{"line":1516,"column":1}},"line":1445},"44":{"name":"(anonymous_44)","decl":{"start":{"line":1475,"column":6},"end":{"line":1475,"column":7}},"loc":{"start":{"line":1475,"column":14},"end":{"line":1475,"column":60}},"line":1475},"45":{"name":"removeSeatFromListController","decl":{"start":{"line":1521,"column":15},"end":{"line":1521,"column":43}},"loc":{"start":{"line":1521,"column":49},"end":{"line":1573,"column":1}},"line":1521},"46":{"name":"(anonymous_46)","decl":{"start":{"line":1543,"column":6},"end":{"line":1543,"column":7}},"loc":{"start":{"line":1543,"column":14},"end":{"line":1543,"column":63}},"line":1543},"47":{"name":"getSeatListController","decl":{"start":{"line":1578,"column":15},"end":{"line":1578,"column":36}},"loc":{"start":{"line":1578,"column":42},"end":{"line":1596,"column":1}},"line":1578},"48":{"name":"getLibSeatStatusController","decl":{"start":{"line":1601,"column":15},"end":{"line":1601,"column":41}},"loc":{"start":{"line":1601,"column":47},"end":{"line":1719,"column":1}},"line":1601},"49":{"name":"(anonymous_49)","decl":{"start":{"line":1664,"column":25},"end":{"line":1664,"column":26}},"loc":{"start":{"line":1664,"column":33},"end":{"line":1689,"column":5}},"line":1664},"50":{"name":"getAllLibsStatusController","decl":{"start":{"line":1724,"column":15},"end":{"line":1724,"column":41}},"loc":{"start":{"line":1724,"column":47},"end":{"line":1784,"column":1}},"line":1724},"51":{"name":"(anonymous_51)","decl":{"start":{"line":1745,"column":32},"end":{"line":1745,"column":33}},"loc":{"start":{"line":1745,"column":40},"end":{"line":1756,"column":5}},"line":1745},"52":{"name":"(anonymous_52)","decl":{"start":{"line":1759,"column":41},"end":{"line":1759,"column":42}},"loc":{"start":{"line":1759,"column":56},"end":{"line":1764,"column":5}},"line":1759}},"branchMap":{"0":{"loc":{"start":{"line":131,"column":4},"end":{"line":131,"column":66}},"type":"cond-expr","locations":[{"start":{"line":131,"column":20},"end":{"line":131,"column":41}},{"start":{"line":131,"column":45},"end":{"line":131,"column":65}}],"line":131},"1":{"loc":{"start":{"line":207,"column":4},"end":{"line":209,"column":5}},"type":"if","locations":[{"start":{"line":207,"column":4},"end":{"line":209,"column":5}},{"start":{},"end":{}}],"line":207},"2":{"loc":{"start":{"line":223,"column":2},"end":{"line":227,"column":3}},"type":"if","locations":[{"start":{"line":223,"column":2},"end":{"line":227,"column":3}},{"start":{},"end":{}}],"line":223},"3":{"loc":{"start":{"line":231,"column":2},"end":{"line":233,"column":3}},"type":"if","locations":[{"start":{"line":231,"column":2},"end":{"line":233,"column":3}},{"start":{},"end":{}}],"line":231},"4":{"loc":{"start":{"line":236,"column":19},"end":{"line":238,"column":77}},"type":"cond-expr","locations":[{"start":{"line":237,"column":6},"end":{"line":237,"column":22}},{"start":{"line":238,"column":6},"end":{"line":238,"column":77}}],"line":236},"5":{"loc":{"start":{"line":236,"column":19},"end":{"line":236,"column":66}},"type":"binary-expr","locations":[{"start":{"line":236,"column":19},"end":{"line":236,"column":35}},{"start":{"line":236,"column":39},"end":{"line":236,"column":66}}],"line":236},"6":{"loc":{"start":{"line":243,"column":2},"end":{"line":245,"column":3}},"type":"if","locations":[{"start":{"line":243,"column":2},"end":{"line":245,"column":3}},{"start":{},"end":{}}],"line":243},"7":{"loc":{"start":{"line":253,"column":22},"end":{"line":253,"column":57}},"type":"binary-expr","locations":[{"start":{"line":253,"column":22},"end":{"line":253,"column":39}},{"start":{"line":253,"column":43},"end":{"line":253,"column":57}}],"line":253},"8":{"loc":{"start":{"line":261,"column":4},"end":{"line":277,"column":5}},"type":"if","locations":[{"start":{"line":261,"column":4},"end":{"line":277,"column":5}},{"start":{"line":274,"column":11},"end":{"line":277,"column":5}}],"line":261},"9":{"loc":{"start":{"line":264,"column":6},"end":{"line":266,"column":7}},"type":"if","locations":[{"start":{"line":264,"column":6},"end":{"line":266,"column":7}},{"start":{},"end":{}}],"line":264},"10":{"loc":{"start":{"line":264,"column":10},"end":{"line":264,"column":61}},"type":"binary-expr","locations":[{"start":{"line":264,"column":10},"end":{"line":264,"column":34}},{"start":{"line":264,"column":38},"end":{"line":264,"column":61}}],"line":264},"11":{"loc":{"start":{"line":268,"column":6},"end":{"line":273,"column":7}},"type":"if","locations":[{"start":{"line":268,"column":6},"end":{"line":273,"column":7}},{"start":{},"end":{}}],"line":268},"12":{"loc":{"start":{"line":268,"column":10},"end":{"line":268,"column":64}},"type":"binary-expr","locations":[{"start":{"line":268,"column":10},"end":{"line":268,"column":35}},{"start":{"line":268,"column":39},"end":{"line":268,"column":64}}],"line":268},"13":{"loc":{"start":{"line":270,"column":8},"end":{"line":272,"column":9}},"type":"if","locations":[{"start":{"line":270,"column":8},"end":{"line":272,"column":9}},{"start":{},"end":{}}],"line":270},"14":{"loc":{"start":{"line":274,"column":11},"end":{"line":277,"column":5}},"type":"if","locations":[{"start":{"line":274,"column":11},"end":{"line":277,"column":5}},{"start":{},"end":{}}],"line":274},"15":{"loc":{"start":{"line":295,"column":4},"end":{"line":305,"column":5}},"type":"if","locations":[{"start":{"line":295,"column":4},"end":{"line":305,"column":5}},{"start":{"line":300,"column":11},"end":{"line":305,"column":5}}],"line":295},"16":{"loc":{"start":{"line":330,"column":4},"end":{"line":332,"column":5}},"type":"if","locations":[{"start":{"line":330,"column":4},"end":{"line":332,"column":5}},{"start":{},"end":{}}],"line":330},"17":{"loc":{"start":{"line":341,"column":6},"end":{"line":341,"column":33}},"type":"if","locations":[{"start":{"line":341,"column":6},"end":{"line":341,"column":33}},{"start":{},"end":{}}],"line":341},"18":{"loc":{"start":{"line":351,"column":6},"end":{"line":351,"column":28}},"type":"if","locations":[{"start":{"line":351,"column":6},"end":{"line":351,"column":28}},{"start":{},"end":{}}],"line":351},"19":{"loc":{"start":{"line":356,"column":8},"end":{"line":360,"column":9}},"type":"if","locations":[{"start":{"line":356,"column":8},"end":{"line":360,"column":9}},{"start":{},"end":{}}],"line":356},"20":{"loc":{"start":{"line":356,"column":12},"end":{"line":356,"column":68}},"type":"binary-expr","locations":[{"start":{"line":356,"column":12},"end":{"line":356,"column":42}},{"start":{"line":356,"column":46},"end":{"line":356,"column":68}}],"line":356},"21":{"loc":{"start":{"line":363,"column":6},"end":{"line":363,"column":31}},"type":"if","locations":[{"start":{"line":363,"column":6},"end":{"line":363,"column":31}},{"start":{},"end":{}}],"line":363},"22":{"loc":{"start":{"line":366,"column":4},"end":{"line":368,"column":5}},"type":"if","locations":[{"start":{"line":366,"column":4},"end":{"line":368,"column":5}},{"start":{},"end":{}}],"line":366},"23":{"loc":{"start":{"line":391,"column":4},"end":{"line":394,"column":5}},"type":"if","locations":[{"start":{"line":391,"column":4},"end":{"line":394,"column":5}},{"start":{},"end":{}}],"line":391},"24":{"loc":{"start":{"line":392,"column":23},"end":{"line":392,"column":89}},"type":"binary-expr","locations":[{"start":{"line":392,"column":23},"end":{"line":392,"column":52}},{"start":{"line":392,"column":56},"end":{"line":392,"column":89}}],"line":392},"25":{"loc":{"start":{"line":396,"column":4},"end":{"line":398,"column":5}},"type":"if","locations":[{"start":{"line":396,"column":4},"end":{"line":398,"column":5}},{"start":{},"end":{}}],"line":396},"26":{"loc":{"start":{"line":415,"column":4},"end":{"line":430,"column":5}},"type":"if","locations":[{"start":{"line":415,"column":4},"end":{"line":430,"column":5}},{"start":{},"end":{}}],"line":415},"27":{"loc":{"start":{"line":415,"column":8},"end":{"line":415,"column":47}},"type":"binary-expr","locations":[{"start":{"line":415,"column":8},"end":{"line":415,"column":20}},{"start":{"line":415,"column":24},"end":{"line":415,"column":47}}],"line":415},"28":{"loc":{"start":{"line":468,"column":15},"end":{"line":468,"column":44}},"type":"binary-expr","locations":[{"start":{"line":468,"column":15},"end":{"line":468,"column":28}},{"start":{"line":468,"column":32},"end":{"line":468,"column":44}}],"line":468},"29":{"loc":{"start":{"line":475,"column":4},"end":{"line":484,"column":5}},"type":"if","locations":[{"start":{"line":475,"column":4},"end":{"line":484,"column":5}},{"start":{"line":480,"column":11},"end":{"line":484,"column":5}}],"line":475},"30":{"loc":{"start":{"line":475,"column":8},"end":{"line":475,"column":38}},"type":"binary-expr","locations":[{"start":{"line":475,"column":8},"end":{"line":475,"column":15}},{"start":{"line":475,"column":19},"end":{"line":475,"column":38}}],"line":475},"31":{"loc":{"start":{"line":480,"column":11},"end":{"line":484,"column":5}},"type":"if","locations":[{"start":{"line":480,"column":11},"end":{"line":484,"column":5}},{"start":{"line":482,"column":11},"end":{"line":484,"column":5}}],"line":480},"32":{"loc":{"start":{"line":480,"column":15},"end":{"line":480,"column":45}},"type":"binary-expr","locations":[{"start":{"line":480,"column":15},"end":{"line":480,"column":22}},{"start":{"line":480,"column":26},"end":{"line":480,"column":45}}],"line":480},"33":{"loc":{"start":{"line":493,"column":2},"end":{"line":516,"column":3}},"type":"if","locations":[{"start":{"line":493,"column":2},"end":{"line":516,"column":3}},{"start":{"line":511,"column":9},"end":{"line":516,"column":3}}],"line":493},"34":{"loc":{"start":{"line":498,"column":6},"end":{"line":503,"column":7}},"type":"if","locations":[{"start":{"line":498,"column":6},"end":{"line":503,"column":7}},{"start":{},"end":{}}],"line":498},"35":{"loc":{"start":{"line":525,"column":2},"end":{"line":531,"column":3}},"type":"if","locations":[{"start":{"line":525,"column":2},"end":{"line":531,"column":3}},{"start":{},"end":{}}],"line":525},"36":{"loc":{"start":{"line":537,"column":4},"end":{"line":543,"column":5}},"type":"if","locations":[{"start":{"line":537,"column":4},"end":{"line":543,"column":5}},{"start":{},"end":{}}],"line":537},"37":{"loc":{"start":{"line":558,"column":4},"end":{"line":576,"column":5}},"type":"if","locations":[{"start":{"line":558,"column":4},"end":{"line":576,"column":5}},{"start":{"line":571,"column":11},"end":{"line":576,"column":5}}],"line":558},"38":{"loc":{"start":{"line":605,"column":4},"end":{"line":607,"column":5}},"type":"if","locations":[{"start":{"line":605,"column":4},"end":{"line":607,"column":5}},{"start":{},"end":{}}],"line":605},"39":{"loc":{"start":{"line":627,"column":4},"end":{"line":663,"column":5}},"type":"if","locations":[{"start":{"line":627,"column":4},"end":{"line":663,"column":5}},{"start":{"line":658,"column":11},"end":{"line":663,"column":5}}],"line":627},"40":{"loc":{"start":{"line":627,"column":8},"end":{"line":627,"column":81}},"type":"binary-expr","locations":[{"start":{"line":627,"column":8},"end":{"line":627,"column":21}},{"start":{"line":627,"column":25},"end":{"line":627,"column":47}},{"start":{"line":627,"column":51},"end":{"line":627,"column":81}}],"line":627},"41":{"loc":{"start":{"line":633,"column":6},"end":{"line":638,"column":7}},"type":"if","locations":[{"start":{"line":633,"column":6},"end":{"line":638,"column":7}},{"start":{},"end":{}}],"line":633},"42":{"loc":{"start":{"line":676,"column":4},"end":{"line":678,"column":5}},"type":"if","locations":[{"start":{"line":676,"column":4},"end":{"line":678,"column":5}},{"start":{},"end":{}}],"line":676},"43":{"loc":{"start":{"line":707,"column":4},"end":{"line":722,"column":5}},"type":"if","locations":[{"start":{"line":707,"column":4},"end":{"line":722,"column":5}},{"start":{"line":717,"column":11},"end":{"line":722,"column":5}}],"line":707},"44":{"loc":{"start":{"line":737,"column":4},"end":{"line":739,"column":5}},"type":"if","locations":[{"start":{"line":737,"column":4},"end":{"line":739,"column":5}},{"start":{},"end":{}}],"line":737},"45":{"loc":{"start":{"line":766,"column":2},"end":{"line":774,"column":3}},"type":"if","locations":[{"start":{"line":766,"column":2},"end":{"line":774,"column":3}},{"start":{"line":769,"column":9},"end":{"line":774,"column":3}}],"line":766},"46":{"loc":{"start":{"line":766,"column":6},"end":{"line":766,"column":23}},"type":"binary-expr","locations":[{"start":{"line":766,"column":6},"end":{"line":766,"column":11}},{"start":{"line":766,"column":15},"end":{"line":766,"column":23}}],"line":766},"47":{"loc":{"start":{"line":781,"column":2},"end":{"line":787,"column":3}},"type":"if","locations":[{"start":{"line":781,"column":2},"end":{"line":787,"column":3}},{"start":{},"end":{}}],"line":781},"48":{"loc":{"start":{"line":788,"column":2},"end":{"line":794,"column":3}},"type":"if","locations":[{"start":{"line":788,"column":2},"end":{"line":794,"column":3}},{"start":{},"end":{}}],"line":788},"49":{"loc":{"start":{"line":788,"column":6},"end":{"line":788,"column":38}},"type":"binary-expr","locations":[{"start":{"line":788,"column":6},"end":{"line":788,"column":19}},{"start":{"line":788,"column":23},"end":{"line":788,"column":38}}],"line":788},"50":{"loc":{"start":{"line":817,"column":2},"end":{"line":823,"column":3}},"type":"if","locations":[{"start":{"line":817,"column":2},"end":{"line":823,"column":3}},{"start":{},"end":{}}],"line":817},"51":{"loc":{"start":{"line":824,"column":2},"end":{"line":830,"column":3}},"type":"if","locations":[{"start":{"line":824,"column":2},"end":{"line":830,"column":3}},{"start":{},"end":{}}],"line":824},"52":{"loc":{"start":{"line":824,"column":6},"end":{"line":824,"column":38}},"type":"binary-expr","locations":[{"start":{"line":824,"column":6},"end":{"line":824,"column":19}},{"start":{"line":824,"column":23},"end":{"line":824,"column":38}}],"line":824},"53":{"loc":{"start":{"line":832,"column":2},"end":{"line":838,"column":3}},"type":"if","locations":[{"start":{"line":832,"column":2},"end":{"line":838,"column":3}},{"start":{},"end":{}}],"line":832},"54":{"loc":{"start":{"line":853,"column":4},"end":{"line":856,"column":5}},"type":"if","locations":[{"start":{"line":853,"column":4},"end":{"line":856,"column":5}},{"start":{},"end":{}}],"line":853},"55":{"loc":{"start":{"line":857,"column":4},"end":{"line":860,"column":5}},"type":"if","locations":[{"start":{"line":857,"column":4},"end":{"line":860,"column":5}},{"start":{},"end":{}}],"line":857},"56":{"loc":{"start":{"line":1173,"column":2},"end":{"line":1179,"column":3}},"type":"if","locations":[{"start":{"line":1173,"column":2},"end":{"line":1179,"column":3}},{"start":{},"end":{}}],"line":1173},"57":{"loc":{"start":{"line":1182,"column":2},"end":{"line":1188,"column":3}},"type":"if","locations":[{"start":{"line":1182,"column":2},"end":{"line":1188,"column":3}},{"start":{},"end":{}}],"line":1182},"58":{"loc":{"start":{"line":1199,"column":6},"end":{"line":1205,"column":7}},"type":"if","locations":[{"start":{"line":1199,"column":6},"end":{"line":1205,"column":7}},{"start":{},"end":{}}],"line":1199},"59":{"loc":{"start":{"line":1199,"column":10},"end":{"line":1199,"column":32}},"type":"binary-expr","locations":[{"start":{"line":1199,"column":10},"end":{"line":1199,"column":19}},{"start":{"line":1199,"column":23},"end":{"line":1199,"column":32}}],"line":1199},"60":{"loc":{"start":{"line":1225,"column":8},"end":{"line":1232,"column":9}},"type":"if","locations":[{"start":{"line":1225,"column":8},"end":{"line":1232,"column":9}},{"start":{},"end":{}}],"line":1225},"61":{"loc":{"start":{"line":1229,"column":27},"end":{"line":1229,"column":59}},"type":"binary-expr","locations":[{"start":{"line":1229,"column":27},"end":{"line":1229,"column":49}},{"start":{"line":1229,"column":53},"end":{"line":1229,"column":59}}],"line":1229},"62":{"loc":{"start":{"line":1234,"column":8},"end":{"line":1241,"column":9}},"type":"if","locations":[{"start":{"line":1234,"column":8},"end":{"line":1241,"column":9}},{"start":{},"end":{}}],"line":1234},"63":{"loc":{"start":{"line":1234,"column":12},"end":{"line":1234,"column":88}},"type":"binary-expr","locations":[{"start":{"line":1234,"column":12},"end":{"line":1234,"column":26}},{"start":{"line":1234,"column":30},"end":{"line":1234,"column":53}},{"start":{"line":1234,"column":57},"end":{"line":1234,"column":88}}],"line":1234},"64":{"loc":{"start":{"line":1248,"column":10},"end":{"line":1256,"column":11}},"type":"if","locations":[{"start":{"line":1248,"column":10},"end":{"line":1256,"column":11}},{"start":{"line":1254,"column":17},"end":{"line":1256,"column":11}}],"line":1248},"65":{"loc":{"start":{"line":1268,"column":4},"end":{"line":1274,"column":5}},"type":"if","locations":[{"start":{"line":1268,"column":4},"end":{"line":1274,"column":5}},{"start":{},"end":{}}],"line":1268},"66":{"loc":{"start":{"line":1311,"column":2},"end":{"line":1317,"column":3}},"type":"if","locations":[{"start":{"line":1311,"column":2},"end":{"line":1317,"column":3}},{"start":{},"end":{}}],"line":1311},"67":{"loc":{"start":{"line":1320,"column":19},"end":{"line":1324,"column":13}},"type":"cond-expr","locations":[{"start":{"line":1321,"column":6},"end":{"line":1321,"column":25}},{"start":{"line":1322,"column":7},"end":{"line":1324,"column":12}}],"line":1320},"68":{"loc":{"start":{"line":1320,"column":19},"end":{"line":1320,"column":66}},"type":"binary-expr","locations":[{"start":{"line":1320,"column":19},"end":{"line":1320,"column":35}},{"start":{"line":1320,"column":39},"end":{"line":1320,"column":66}}],"line":1320},"69":{"loc":{"start":{"line":1322,"column":7},"end":{"line":1324,"column":12}},"type":"cond-expr","locations":[{"start":{"line":1323,"column":8},"end":{"line":1323,"column":77}},{"start":{"line":1324,"column":8},"end":{"line":1324,"column":12}}],"line":1322},"70":{"loc":{"start":{"line":1322,"column":7},"end":{"line":1322,"column":37}},"type":"binary-expr","locations":[{"start":{"line":1322,"column":7},"end":{"line":1322,"column":19}},{"start":{"line":1322,"column":23},"end":{"line":1322,"column":37}}],"line":1322},"71":{"loc":{"start":{"line":1326,"column":2},"end":{"line":1332,"column":3}},"type":"if","locations":[{"start":{"line":1326,"column":2},"end":{"line":1332,"column":3}},{"start":{},"end":{}}],"line":1326},"72":{"loc":{"start":{"line":1337,"column":31},"end":{"line":1337,"column":63}},"type":"binary-expr","locations":[{"start":{"line":1337,"column":31},"end":{"line":1337,"column":45}},{"start":{"line":1337,"column":49},"end":{"line":1337,"column":63}}],"line":1337},"73":{"loc":{"start":{"line":1345,"column":22},"end":{"line":1345,"column":54}},"type":"binary-expr","locations":[{"start":{"line":1345,"column":22},"end":{"line":1345,"column":36}},{"start":{"line":1345,"column":40},"end":{"line":1345,"column":54}}],"line":1345},"74":{"loc":{"start":{"line":1361,"column":4},"end":{"line":1369,"column":5}},"type":"if","locations":[{"start":{"line":1361,"column":4},"end":{"line":1369,"column":5}},{"start":{},"end":{}}],"line":1361},"75":{"loc":{"start":{"line":1362,"column":23},"end":{"line":1362,"column":57}},"type":"binary-expr","locations":[{"start":{"line":1362,"column":23},"end":{"line":1362,"column":36}},{"start":{"line":1362,"column":40},"end":{"line":1362,"column":57}}],"line":1362},"76":{"loc":{"start":{"line":1371,"column":4},"end":{"line":1432,"column":5}},"type":"if","locations":[{"start":{"line":1371,"column":4},"end":{"line":1432,"column":5}},{"start":{"line":1427,"column":11},"end":{"line":1432,"column":5}}],"line":1371},"77":{"loc":{"start":{"line":1371,"column":8},"end":{"line":1371,"column":57}},"type":"binary-expr","locations":[{"start":{"line":1371,"column":8},"end":{"line":1371,"column":12}},{"start":{"line":1371,"column":16},"end":{"line":1371,"column":29}},{"start":{"line":1371,"column":33},"end":{"line":1371,"column":57}}],"line":1371},"78":{"loc":{"start":{"line":1390,"column":6},"end":{"line":1426,"column":7}},"type":"if","locations":[{"start":{"line":1390,"column":6},"end":{"line":1426,"column":7}},{"start":{"line":1421,"column":13},"end":{"line":1426,"column":7}}],"line":1390},"79":{"loc":{"start":{"line":1408,"column":8},"end":{"line":1420,"column":9}},"type":"if","locations":[{"start":{"line":1408,"column":8},"end":{"line":1420,"column":9}},{"start":{"line":1414,"column":15},"end":{"line":1420,"column":9}}],"line":1408},"80":{"loc":{"start":{"line":1418,"column":34},"end":{"line":1418,"column":66}},"type":"binary-expr","locations":[{"start":{"line":1418,"column":34},"end":{"line":1418,"column":48}},{"start":{"line":1418,"column":52},"end":{"line":1418,"column":66}}],"line":1418},"81":{"loc":{"start":{"line":1424,"column":32},"end":{"line":1424,"column":64}},"type":"binary-expr","locations":[{"start":{"line":1424,"column":32},"end":{"line":1424,"column":46}},{"start":{"line":1424,"column":50},"end":{"line":1424,"column":64}}],"line":1424},"82":{"loc":{"start":{"line":1448,"column":2},"end":{"line":1454,"column":3}},"type":"if","locations":[{"start":{"line":1448,"column":2},"end":{"line":1454,"column":3}},{"start":{},"end":{}}],"line":1448},"83":{"loc":{"start":{"line":1448,"column":6},"end":{"line":1448,"column":25}},"type":"binary-expr","locations":[{"start":{"line":1448,"column":6},"end":{"line":1448,"column":12}},{"start":{"line":1448,"column":16},"end":{"line":1448,"column":25}}],"line":1448},"84":{"loc":{"start":{"line":1460,"column":4},"end":{"line":1463,"column":5}},"type":"if","locations":[{"start":{"line":1460,"column":4},"end":{"line":1463,"column":5}},{"start":{},"end":{}}],"line":1460},"85":{"loc":{"start":{"line":1465,"column":16},"end":{"line":1465,"column":47}},"type":"binary-expr","locations":[{"start":{"line":1465,"column":16},"end":{"line":1465,"column":31}},{"start":{"line":1465,"column":35},"end":{"line":1465,"column":47}}],"line":1465},"86":{"loc":{"start":{"line":1469,"column":4},"end":{"line":1471,"column":5}},"type":"if","locations":[{"start":{"line":1469,"column":4},"end":{"line":1471,"column":5}},{"start":{},"end":{}}],"line":1469},"87":{"loc":{"start":{"line":1475,"column":14},"end":{"line":1475,"column":60}},"type":"binary-expr","locations":[{"start":{"line":1475,"column":14},"end":{"line":1475,"column":34}},{"start":{"line":1475,"column":38},"end":{"line":1475,"column":60}}],"line":1475},"88":{"loc":{"start":{"line":1478,"column":4},"end":{"line":1484,"column":5}},"type":"if","locations":[{"start":{"line":1478,"column":4},"end":{"line":1484,"column":5}},{"start":{},"end":{}}],"line":1478},"89":{"loc":{"start":{"line":1524,"column":2},"end":{"line":1530,"column":3}},"type":"if","locations":[{"start":{"line":1524,"column":2},"end":{"line":1530,"column":3}},{"start":{},"end":{}}],"line":1524},"90":{"loc":{"start":{"line":1524,"column":6},"end":{"line":1524,"column":25}},"type":"binary-expr","locations":[{"start":{"line":1524,"column":6},"end":{"line":1524,"column":12}},{"start":{"line":1524,"column":16},"end":{"line":1524,"column":25}}],"line":1524},"91":{"loc":{"start":{"line":1533,"column":4},"end":{"line":1539,"column":5}},"type":"if","locations":[{"start":{"line":1533,"column":4},"end":{"line":1539,"column":5}},{"start":{},"end":{}}],"line":1533},"92":{"loc":{"start":{"line":1533,"column":8},"end":{"line":1533,"column":58}},"type":"binary-expr","locations":[{"start":{"line":1533,"column":8},"end":{"line":1533,"column":25}},{"start":{"line":1533,"column":29},"end":{"line":1533,"column":58}}],"line":1533},"93":{"loc":{"start":{"line":1543,"column":16},"end":{"line":1543,"column":62}},"type":"binary-expr","locations":[{"start":{"line":1543,"column":16},"end":{"line":1543,"column":36}},{"start":{"line":1543,"column":40},"end":{"line":1543,"column":62}}],"line":1543},"94":{"loc":{"start":{"line":1546,"column":4},"end":{"line":1552,"column":5}},"type":"if","locations":[{"start":{"line":1546,"column":4},"end":{"line":1552,"column":5}},{"start":{},"end":{}}],"line":1546},"95":{"loc":{"start":{"line":1580,"column":21},"end":{"line":1580,"column":43}},"type":"binary-expr","locations":[{"start":{"line":1580,"column":21},"end":{"line":1580,"column":37}},{"start":{"line":1580,"column":41},"end":{"line":1580,"column":43}}],"line":1580},"96":{"loc":{"start":{"line":1602,"column":16},"end":{"line":1602,"column":49}},"type":"binary-expr","locations":[{"start":{"line":1602,"column":16},"end":{"line":1602,"column":31}},{"start":{"line":1602,"column":35},"end":{"line":1602,"column":49}}],"line":1602},"97":{"loc":{"start":{"line":1604,"column":2},"end":{"line":1610,"column":3}},"type":"if","locations":[{"start":{"line":1604,"column":2},"end":{"line":1610,"column":3}},{"start":{},"end":{}}],"line":1604},"98":{"loc":{"start":{"line":1622,"column":4},"end":{"line":1628,"column":5}},"type":"if","locations":[{"start":{"line":1622,"column":4},"end":{"line":1628,"column":5}},{"start":{},"end":{}}],"line":1622},"99":{"loc":{"start":{"line":1632,"column":4},"end":{"line":1638,"column":5}},"type":"if","locations":[{"start":{"line":1632,"column":4},"end":{"line":1638,"column":5}},{"start":{},"end":{}}],"line":1632},"100":{"loc":{"start":{"line":1666,"column":6},"end":{"line":1668,"column":7}},"type":"if","locations":[{"start":{"line":1666,"column":6},"end":{"line":1668,"column":7}},{"start":{},"end":{}}],"line":1666},"101":{"loc":{"start":{"line":1675,"column":16},"end":{"line":1675,"column":47}},"type":"binary-expr","locations":[{"start":{"line":1675,"column":16},"end":{"line":1675,"column":32}},{"start":{"line":1675,"column":36},"end":{"line":1675,"column":47}}],"line":1675},"102":{"loc":{"start":{"line":1680,"column":6},"end":{"line":1688,"column":7}},"type":"if","locations":[{"start":{"line":1680,"column":6},"end":{"line":1688,"column":7}},{"start":{"line":1682,"column":13},"end":{"line":1688,"column":7}}],"line":1680},"103":{"loc":{"start":{"line":1680,"column":10},"end":{"line":1680,"column":53}},"type":"binary-expr","locations":[{"start":{"line":1680,"column":10},"end":{"line":1680,"column":32}},{"start":{"line":1680,"column":36},"end":{"line":1680,"column":53}}],"line":1680},"104":{"loc":{"start":{"line":1682,"column":13},"end":{"line":1688,"column":7}},"type":"if","locations":[{"start":{"line":1682,"column":13},"end":{"line":1688,"column":7}},{"start":{"line":1684,"column":13},"end":{"line":1688,"column":7}}],"line":1682},"105":{"loc":{"start":{"line":1682,"column":17},"end":{"line":1682,"column":60}},"type":"binary-expr","locations":[{"start":{"line":1682,"column":17},"end":{"line":1682,"column":39}},{"start":{"line":1682,"column":43},"end":{"line":1682,"column":60}}],"line":1682},"106":{"loc":{"start":{"line":1684,"column":13},"end":{"line":1688,"column":7}},"type":"if","locations":[{"start":{"line":1684,"column":13},"end":{"line":1688,"column":7}},{"start":{"line":1686,"column":13},"end":{"line":1688,"column":7}}],"line":1684},"107":{"loc":{"start":{"line":1684,"column":17},"end":{"line":1684,"column":60}},"type":"binary-expr","locations":[{"start":{"line":1684,"column":17},"end":{"line":1684,"column":39}},{"start":{"line":1684,"column":43},"end":{"line":1684,"column":60}}],"line":1684},"108":{"loc":{"start":{"line":1735,"column":4},"end":{"line":1741,"column":5}},"type":"if","locations":[{"start":{"line":1735,"column":4},"end":{"line":1741,"column":5}},{"start":{},"end":{}}],"line":1735},"109":{"loc":{"start":{"line":1743,"column":17},"end":{"line":1743,"column":52}},"type":"binary-expr","locations":[{"start":{"line":1743,"column":17},"end":{"line":1743,"column":46}},{"start":{"line":1743,"column":50},"end":{"line":1743,"column":52}}],"line":1743},"110":{"loc":{"start":{"line":1751,"column":15},"end":{"line":1751,"column":43}},"type":"binary-expr","locations":[{"start":{"line":1751,"column":15},"end":{"line":1751,"column":38}},{"start":{"line":1751,"column":42},"end":{"line":1751,"column":43}}],"line":1751},"111":{"loc":{"start":{"line":1752,"column":14},"end":{"line":1752,"column":41}},"type":"binary-expr","locations":[{"start":{"line":1752,"column":14},"end":{"line":1752,"column":36}},{"start":{"line":1752,"column":40},"end":{"line":1752,"column":41}}],"line":1752},"112":{"loc":{"start":{"line":1753,"column":17},"end":{"line":1753,"column":47}},"type":"binary-expr","locations":[{"start":{"line":1753,"column":17},"end":{"line":1753,"column":42}},{"start":{"line":1753,"column":46},"end":{"line":1753,"column":47}}],"line":1753},"113":{"loc":{"start":{"line":1754,"column":20},"end":{"line":1754,"column":48}},"type":"binary-expr","locations":[{"start":{"line":1754,"column":20},"end":{"line":1754,"column":43}},{"start":{"line":1754,"column":47},"end":{"line":1754,"column":48}}],"line":1754},"114":{"loc":{"start":{"line":1754,"column":53},"end":{"line":1754,"column":80}},"type":"binary-expr","locations":[{"start":{"line":1754,"column":53},"end":{"line":1754,"column":75}},{"start":{"line":1754,"column":79},"end":{"line":1754,"column":80}}],"line":1754},"115":{"loc":{"start":{"line":1754,"column":85},"end":{"line":1754,"column":115}},"type":"binary-expr","locations":[{"start":{"line":1754,"column":85},"end":{"line":1754,"column":110}},{"start":{"line":1754,"column":114},"end":{"line":1754,"column":115}}],"line":1754}},"s":{"0":0,"1":0,"2":0,"3":0,"4":0,"5":0,"6":0,"7":0,"8":0,"9":0,"10":0,"11":0,"12":0,"13":0,"14":0,"15":0,"16":0,"17":0,"18":0,"19":0,"20":0,"21":0,"22":0,"23":0,"24":0,"25":0,"26":0,"27":0,"28":0,"29":0,"30":0,"31":0,"32":0,"33":0,"34":0,"35":0,"36":0,"37":0,"38":0,"39":0,"40":0,"41":0,"42":0,"43":0,"44":0,"45":0,"46":0,"47":0,"48":0,"49":0,"50":0,"51":0,"52":0,"53":0,"54":0,"55":0,"56":0,"57":0,"58":0,"59":0,"60":0,"61":0,"62":0,"63":0,"64":0,"65":0,"66":0,"67":0,"68":0,"69":0,"70":0,"71":0,"72":0,"73":0,"74":0,"75":0,"76":0,"77":0,"78":0,"79":0,"80":0,"81":0,"82":0,"83":0,"84":0,"85":0,"86":0,"87":0,"88":0,"89":0,"90":0,"91":0,"92":0,"93":0,"94":0,"95":0,"96":0,"97":0,"98":0,"99":0,"100":0,"101":0,"102":0,"103":0,"104":0,"105":0,"106":0,"107":0,"108":0,"109":0,"110":0,"111":0,"112":0,"113":0,"114":0,"115":0,"116":0,"117":0,"118":0,"119":0,"120":0,"121":0,"122":0,"123":0,"124":0,"125":0,"126":0,"127":0,"128":0,"129":0,"130":0,"131":0,"132":0,"133":0,"134":0,"135":0,"136":0,"137":0,"138":0,"139":0,"140":0,"141":0,"142":0,"143":0,"144":0,"145":0,"146":0,"147":0,"148":0,"149":0,"150":0,"151":0,"152":0,"153":0,"154":0,"155":0,"156":0,"157":0,"158":0,"159":0,"160":0,"161":0,"162":0,"163":0,"164":0,"165":0,"166":0,"167":0,"168":0,"169":0,"170":0,"171":0,"172":0,"173":0,"174":0,"175":0,"176":0,"177":0,"178":0,"179":0,"180":0,"181":0,"182":0,"183":0,"184":0,"185":0,"186":0,"187":0,"188":0,"189":0,"190":0,"191":0,"192":0,"193":0,"194":0,"195":0,"196":0,"197":0,"198":0,"199":0,"200":0,"201":0,"202":0,"203":0,"204":0,"205":0,"206":0,"207":0,"208":0,"209":0,"210":0,"211":0,"212":0,"213":0,"214":0,"215":0,"216":0,"217":0,"218":0,"219":0,"220":0,"221":0,"222":0,"223":0,"224":0,"225":0,"226":0,"227":0,"228":0,"229":0,"230":0,"231":0,"232":0,"233":0,"234":0,"235":0,"236":0,"237":0,"238":0,"239":0,"240":0,"241":0,"242":0,"243":0,"244":0,"245":0,"246":0,"247":0,"248":0,"249":0,"250":0,"251":0,"252":0,"253":0,"254":0,"255":0,"256":0,"257":0,"258":0,"259":0,"260":0,"26
[...]
,"C:\\Users\\Administrator\\PycharmProjects\\NFUELibrary\\nodeServer\\fuckinglib\\myCooke.js": {"path":"C:\\Users\\Administrator\\PycharmProjects\\NFUELibrary\\nodeServer\\fuckinglib\\myCooke.js","statementMap":{"0":{"start":{"line":1,"column":11},"end":{"line":1,"column":24}},"1":{"start":{"line":4,"column":17},"end":{"line":11,"column":1}},"2":{"start":{"line":14,"column":14},"end":{"line":25,"column":1}},"3":{"start":{"line":28,"column":0},"end":{"line":55,"column":5}},"4":{"start":{"line":29,"column":2},"end":{"line":54,"column":3}},"5":{"start":{"line":30,"column":17},"end":{"line":30,"column":66}},"6":{"start":{"line":31,"column":18},"end":{"line":31,"column":34}},"7":{"start":{"line":34,"column":4},"end":{"line":34,"column":44}},"8":{"start":{"line":35,"column":4},"end":{"line":35,"column":42}},"9":{"start":{"line":36,"column":4},"end":{"line":36,"column":38}},"10":{"start":{"line":37,"column":4},"end":{"line":37,"column":48}},"11":{"start":{"line":38,"column":4},"end":{"line":38,"column":52}},"12":{"start":{"line":40,"column":4},"end":{"line":40,"column":29}},"13":{"start":{"line":41,"column":4},"end":{"line":41,"column":38}},"14":{"start":{"line":43,"column":4},"end":{"line":50,"column":7}},"15":{"start":{"line":44,"column":21},"end":{"line":48,"column":7}},"16":{"start":{"line":49,"column":6},"end":{"line":49,"column":27}},"17":{"start":{"line":51,"column":4},"end":{"line":51,"column":34}},"18":{"start":{"line":53,"column":4},"end":{"line":53,"column":48}},"19":{"start":{"line":59,"column":16},"end":{"line":62,"column":3}},"20":{"start":{"line":63,"column":2},"end":{"line":74,"column":4}},"21":{"start":{"line":68,"column":6},"end":{"line":72,"column":7}},"22":{"start":{"line":69,"column":8},"end":{"line":69,"column":37}},"23":{"start":{"line":71,"column":8},"end":{"line":71,"column":33}},"24":{"start":{"line":79,"column":16},"end":{"line":82,"column":3}},"25":{"start":{"line":84,"column":2},"end":{"line":105,"column":5}},"26":{"start":{"line":85,"column":4},"end":{"line":104,"column":6}},"27":{"start":{"line":90,"column":8},"end":{"line":102,"column":9}},"28":{"start":{"line":91,"column":10},"end":{"line":91,"column":39}},"29":{"start":{"line":92,"column":10},"end":{"line":95,"column":13}},"30":{"start":{"line":97,"column":10},"end":{"line":97,"column":35}},"31":{"start":{"line":98,"column":10},"end":{"line":101,"column":13}},"32":{"start":{"line":108,"column":0},"end":{"line":113,"column":2}}},"fnMap":{"0":{"name":"(anonymous_0)","decl":{"start":{"line":28,"column":1},"end":{"line":28,"column":2}},"loc":{"start":{"line":28,"column":13},"end":{"line":55,"column":1}},"line":28},"1":{"name":"(anonymous_1)","decl":{"start":{"line":43,"column":21},"end":{"line":43,"column":22}},"loc":{"start":{"line":43,"column":31},"end":{"line":50,"column":5}},"line":43},"2":{"name":"saveLibData","decl":{"start":{"line":58,"column":9},"end":{"line":58,"column":20}},"loc":{"start":{"line":58,"column":23},"end":{"line":75,"column":1}},"line":58},"3":{"name":"(anonymous_3)","decl":{"start":{"line":67,"column":4},"end":{"line":67,"column":5}},"loc":{"start":{"line":67,"column":19},"end":{"line":73,"column":5}},"line":67},"4":{"name":"saveLibDataAsync","decl":{"start":{"line":78,"column":9},"end":{"line":78,"column":25}},"loc":{"start":{"line":78,"column":28},"end":{"line":106,"column":1}},"line":78},"5":{"name":"(anonymous_5)","decl":{"start":{"line":84,"column":21},"end":{"line":84,"column":22}},"loc":{"start":{"line":84,"column":42},"end":{"line":105,"column":3}},"line":84},"6":{"name":"(anonymous_6)","decl":{"start":{"line":89,"column":6},"end":{"line":89,"column":7}},"loc":{"start":{"line":89,"column":15},"end":{"line":103,"column":7}},"line":89}},"branchMap":{"0":{"loc":{"start":{"line":38,"column":23},"end":{"line":38,"column":51}},"type":"binary-expr","locations":[{"start":{"line":38,"column":23},"end":{"line":38,"column":45}},{"start":{"line":38,"column":49},"end":{"line":38,"column":51}}],"line":38},"1":{"loc":{"start":{"line":68,"column":6},"end":{"line":72,"column":7}},"type":"if","locations":[{"start":{"line":68,"column":6},"end":{"line":72,"column":7}},{"start":{"line":70,"column":13},"end":{"line":72,"column":7}}],"line":68},"2":{"loc":{"start":{"line":90,"column":8},"end":{"line":102,"column":9}},"type":"if","locations":[{"start":{"line":90,"column":8},"end":{"line":102,"column":9}},{"start":{"line":96,"column":15},"end":{"line":102,"column":9}}],"line":90}},"s":{"0":5,"1":5,"2":5,"3":5,"4":5,"5":5,"6":5,"7":5,"8":5,"9":5,"10":5,"11":5,"12":5,"13":5,"14":5,"15":5,"16":5,"17":5,"18":0,"19":0,"20":0,"21":0,"22":0,"23":0,"24":1,"25":1,"26":1,"27":0,"28":0,"29":0,"30":0,"31":0,"32":5},"f":{"0":5,"1":5,"2":0,"3":0,"4":1,"5":1,"6":0},"b":{"0":[5,0],"1":[0,0],"2":[0,0]},"_coverageSchema":"1a1c01bbd47fc00a2c39e90264f33305004495a9","hash":"c04fd0548a3bf35620178e386b35bcb5172384ce"}
,"C:\\Users\\Administrator\\PycharmProjects\\NFUELibrary\\nodeServer\\fuckinglib\\pub-sub.js": {"path":"C:\\Users\\Administrator\\PycharmProjects\\NFUELibrary\\nodeServer\\fuckinglib\\pub-sub.js","statementMap":{"0":{"start":{"line":1,"column":12},"end":{"line":47,"column":4}},"1":{"start":{"line":2,"column":19},"end":{"line":2,"column":21}},"2":{"start":{"line":6,"column":2},"end":{"line":11,"column":4}},"3":{"start":{"line":7,"column":4},"end":{"line":9,"column":5}},"4":{"start":{"line":8,"column":6},"end":{"line":8,"column":27}},"5":{"start":{"line":10,"column":4},"end":{"line":10,"column":29}},"6":{"start":{"line":12,"column":2},"end":{"line":30,"column":4}},"7":{"start":{"line":14,"column":14},"end":{"line":14,"column":29}},"8":{"start":{"line":15,"column":4},"end":{"line":17,"column":5}},"9":{"start":{"line":16,"column":6},"end":{"line":16,"column":19}},"10":{"start":{"line":18,"column":4},"end":{"line":29,"column":5}},"11":{"start":{"line":20,"column":6},"end":{"line":20,"column":30}},"12":{"start":{"line":24,"column":6},"end":{"line":28,"column":9}},"13":{"start":{"line":25,"column":8},"end":{"line":27,"column":9}},"14":{"start":{"line":26,"column":10},"end":{"line":26,"column":31}},"15":{"start":{"line":31,"column":2},"end":{"line":41,"column":4}},"16":{"start":{"line":32,"column":14},"end":{"line":32,"column":51}},"17":{"start":{"line":33,"column":14},"end":{"line":33,"column":29}},"18":{"start":{"line":34,"column":4},"end":{"line":37,"column":5}},"19":{"start":{"line":35,"column":6},"end":{"line":35,"column":34}},"20":{"start":{"line":36,"column":6},"end":{"line":36,"column":19}},"21":{"start":{"line":38,"column":4},"end":{"line":40,"column":7}},"22":{"start":{"line":39,"column":6},"end":{"line":39,"column":32}},"23":{"start":{"line":42,"column":2},"end":{"line":46,"column":4}},"24":{"start":{"line":48,"column":0},"end":{"line":50,"column":2}}},"fnMap":{"0":{"name":"(anonymous_0)","decl":{"start":{"line":1,"column":13},"end":{"line":1,"column":14}},"loc":{"start":{"line":1,"column":25},"end":{"line":47,"column":1}},"line":1},"1":{"name":"(anonymous_1)","decl":{"start":{"line":6,"column":8},"end":{"line":6,"column":9}},"loc":{"start":{"line":6,"column":27},"end":{"line":11,"column":3}},"line":6},"2":{"name":"(anonymous_2)","decl":{"start":{"line":12,"column":12},"end":{"line":12,"column":13}},"loc":{"start":{"line":12,"column":31},"end":{"line":30,"column":3}},"line":12},"3":{"name":"(anonymous_3)","decl":{"start":{"line":24,"column":18},"end":{"line":24,"column":19}},"loc":{"start":{"line":24,"column":34},"end":{"line":28,"column":7}},"line":24},"4":{"name":"(anonymous_4)","decl":{"start":{"line":31,"column":10},"end":{"line":31,"column":11}},"loc":{"start":{"line":31,"column":22},"end":{"line":41,"column":3}},"line":31},"5":{"name":"(anonymous_5)","decl":{"start":{"line":38,"column":16},"end":{"line":38,"column":17}},"loc":{"start":{"line":38,"column":24},"end":{"line":40,"column":5}},"line":38}},"branchMap":{"0":{"loc":{"start":{"line":7,"column":4},"end":{"line":9,"column":5}},"type":"if","locations":[{"start":{"line":7,"column":4},"end":{"line":9,"column":5}},{"start":{},"end":{}}],"line":7},"1":{"loc":{"start":{"line":15,"column":4},"end":{"line":17,"column":5}},"type":"if","locations":[{"start":{"line":15,"column":4},"end":{"line":17,"column":5}},{"start":{},"end":{}}],"line":15},"2":{"loc":{"start":{"line":18,"column":4},"end":{"line":29,"column":5}},"type":"if","locations":[{"start":{"line":18,"column":4},"end":{"line":29,"column":5}},{"start":{"line":23,"column":11},"end":{"line":29,"column":5}}],"line":18},"3":{"loc":{"start":{"line":20,"column":6},"end":{"line":20,"column":29}},"type":"binary-expr","locations":[{"start":{"line":20,"column":6},"end":{"line":20,"column":9}},{"start":{"line":20,"column":14},"end":{"line":20,"column":28}}],"line":20},"4":{"loc":{"start":{"line":25,"column":8},"end":{"line":27,"column":9}},"type":"if","locations":[{"start":{"line":25,"column":8},"end":{"line":27,"column":9}},{"start":{},"end":{}}],"line":25},"5":{"loc":{"start":{"line":34,"column":4},"end":{"line":37,"column":5}},"type":"if","locations":[{"start":{"line":34,"column":4},"end":{"line":37,"column":5}},{"start":{},"end":{}}],"line":34},"6":{"loc":{"start":{"line":34,"column":8},"end":{"line":34,"column":32}},"type":"binary-expr","locations":[{"start":{"line":34,"column":8},"end":{"line":34,"column":12}},{"start":{"line":34,"column":16},"end":{"line":34,"column":32}}],"line":34}},"s":{"0":0,"1":0,"2":0,"3":0,"4":0,"5":0,"6":0,"7":0,"8":0,"9":0,"10":0,"11":0,"12":0,"13":0,"14":0,"15":0,"16":0,"17":0,"18":0,"19":0,"20":0,"21":0,"22":0,"23":0,"24":0},"f":{"0":0,"1":0,"2":0,"3":0,"4":0,"5":0},"b":{"0":[0,0],"1":[0,0],"2":[0,0],"3":[0,0],"4":[0,0],"5":[0,0],"6":[0,0]}}
,"C:\\Users\\Administrator\\PycharmProjects\\NFUELibrary\\nodeServer\\fuckinglib\\websocket.js": {"path":"C:\\Users\\Administrator\\PycharmProjects\\NFUELibrary\\nodeServer\\fuckinglib\\websocket.js","statementMap":{"0":{"start":{"line":1,"column":13},"end":{"line":1,"column":33}},"1":{"start":{"line":3,"column":21},"end":{"line":3,"column":44}},"2":{"start":{"line":4,"column":18},"end":{"line":4,"column":41}},"3":{"start":{"line":5,"column":18},"end":{"line":5,"column":31}},"4":{"start":{"line":7,"column":21},"end":{"line":7,"column":50}},"5":{"start":{"line":9,"column":19},"end":{"line":9,"column":107}},"6":{"start":{"line":10,"column":18},"end":{"line":10,"column":165}},"7":{"start":{"line":12,"column":22},"end":{"line":12,"column":90}},"8":{"start":{"line":14,"column":20},"end":{"line":14,"column":136}},"9":{"start":{"line":16,"column":22},"end":{"line":16,"column":73}},"10":{"start":{"line":19,"column":15},"end":{"line":26,"column":3}},"11":{"start":{"line":22,"column":21},"end":{"line":22,"column":45}},"12":{"start":{"line":23,"column":20},"end":{"line":23,"column":64}},"13":{"start":{"line":24,"column":6},"end":{"line":24,"column":32}},"14":{"start":{"line":27,"column":2},"end":{"line":27,"column":46}},"15":{"start":{"line":31,"column":21},"end":{"line":31,"column":25}},"16":{"start":{"line":32,"column":17},"end":{"line":43,"column":4}},"17":{"start":{"line":44,"column":2},"end":{"line":51,"column":5}},"18":{"start":{"line":45,"column":4},"end":{"line":45,"column":42}},"19":{"start":{"line":47,"column":4},"end":{"line":47,"column":31}},"20":{"start":{"line":48,"column":4},"end":{"line":50,"column":12}},"21":{"start":{"line":49,"column":6},"end":{"line":49,"column":33}},"22":{"start":{"line":52,"column":2},"end":{"line":90,"column":5}},"23":{"start":{"line":53,"column":29},"end":{"line":53,"column":50}},"24":{"start":{"line":54,"column":36},"end":{"line":54,"column":66}},"25":{"start":{"line":55,"column":4},"end":{"line":55,"column":37}},"26":{"start":{"line":59,"column":4},"end":{"line":63,"column":5}},"27":{"start":{"line":60,"column":6},"end":{"line":60,"column":55}},"28":{"start":{"line":62,"column":6},"end":{"line":62,"column":29}},"29":{"start":{"line":65,"column":4},"end":{"line":68,"column":5}},"30":{"start":{"line":66,"column":6},"end":{"line":66,"column":36}},"31":{"start":{"line":67,"column":6},"end":{"line":67,"column":35}},"32":{"start":{"line":69,"column":4},"end":{"line":75,"column":5}},"33":{"start":{"line":70,"column":6},"end":{"line":70,"column":33}},"34":{"start":{"line":71,"column":6},"end":{"line":74,"column":9}},"35":{"start":{"line":72,"column":8},"end":{"line":72,"column":49}},"36":{"start":{"line":73,"column":8},"end":{"line":73,"column":35}},"37":{"start":{"line":76,"column":4},"end":{"line":89,"column":5}},"38":{"start":{"line":77,"column":24},"end":{"line":77,"column":41}},"39":{"start":{"line":78,"column":6},"end":{"line":81,"column":7}},"40":{"start":{"line":79,"column":8},"end":{"line":79,"column":37}},"41":{"start":{"line":80,"column":8},"end":{"line":80,"column":31}},"42":{"start":{"line":83,"column":6},"end":{"line":85,"column":7}},"43":{"start":{"line":84,"column":8},"end":{"line":84,"column":32}},"44":{"start":{"line":86,"column":6},"end":{"line":88,"column":7}},"45":{"start":{"line":87,"column":8},"end":{"line":87,"column":36}},"46":{"start":{"line":91,"column":2},"end":{"line":94,"column":5}},"47":{"start":{"line":92,"column":4},"end":{"line":92,"column":29}},"48":{"start":{"line":93,"column":4},"end":{"line":93,"column":32}},"49":{"start":{"line":95,"column":2},"end":{"line":95,"column":24}},"50":{"start":{"line":98,"column":0},"end":{"line":100,"column":2}}},"fnMap":{"0":{"name":"createSocketKey","decl":{"start":{"line":18,"column":9},"end":{"line":18,"column":24}},"loc":{"start":{"line":18,"column":27},"end":{"line":28,"column":1}},"line":18},"1":{"name":"(anonymous_1)","decl":{"start":{"line":21,"column":4},"end":{"line":21,"column":5}},"loc":{"start":{"line":21,"column":14},"end":{"line":25,"column":5}},"line":21},"2":{"name":"createSocket","decl":{"start":{"line":30,"column":9},"end":{"line":30,"column":21}},"loc":{"start":{"line":30,"column":24},"end":{"line":96,"column":1}},"line":30},"3":{"name":"(anonymous_3)","decl":{"start":{"line":44,"column":20},"end":{"line":44,"column":21}},"loc":{"start":{"line":44,"column":26},"end":{"line":51,"column":3}},"line":44},"4":{"name":"(anonymous_4)","decl":{"start":{"line":48,"column":31},"end":{"line":48,"column":32}},"loc":{"start":{"line":48,"column":37},"end":{"line":50,"column":5}},"line":48},"5":{"name":"(anonymous_5)","decl":{"start":{"line":52,"column":23},"end":{"line":52,"column":24}},"loc":{"start":{"line":52,"column":36},"end":{"line":90,"column":3}},"line":52},"6":{"name":"(anonymous_6)","decl":{"start":{"line":71,"column":26},"end":{"line":71,"column":27}},"loc":{"start":{"line":71,"column":37},"end":{"line":74,"column":7}},"line":71},"7":{"name":"(anonymous_7)","decl":{"start":{"line":91,"column":21},"end":{"line":91,"column":22}},"loc":{"start":{"line":91,"column":27},"end":{"line":94,"column":3}},"line":91}},"branchMap":{"0":{"loc":{"start":{"line":23,"column":20},"end":{"line":23,"column":64}},"type":"cond-expr","locations":[{"start":{"line":23,"column":35},"end":{"line":23,"column":41}},{"start":{"line":23,"column":44},"end":{"line":23,"column":64}}],"line":23},"1":{"loc":{"start":{"line":59,"column":4},"end":{"line":63,"column":5}},"type":"if","locations":[{"start":{"line":59,"column":4},"end":{"line":63,"column":5}},{"start":{},"end":{}}],"line":59},"2":{"loc":{"start":{"line":65,"column":4},"end":{"line":68,"column":5}},"type":"if","locations":[{"start":{"line":65,"column":4},"end":{"line":68,"column":5}},{"start":{},"end":{}}],"line":65},"3":{"loc":{"start":{"line":69,"column":4},"end":{"line":75,"column":5}},"type":"if","locations":[{"start":{"line":69,"column":4},"end":{"line":75,"column":5}},{"start":{},"end":{}}],"line":69},"4":{"loc":{"start":{"line":69,"column":8},"end":{"line":69,"column":32}},"type":"binary-expr","locations":[{"start":{"line":69,"column":8},"end":{"line":69,"column":18}},{"start":{"line":69,"column":22},"end":{"line":69,"column":32}}],"line":69},"5":{"loc":{"start":{"line":76,"column":4},"end":{"line":89,"column":5}},"type":"if","locations":[{"start":{"line":76,"column":4},"end":{"line":89,"column":5}},{"start":{},"end":{}}],"line":76},"6":{"loc":{"start":{"line":76,"column":8},"end":{"line":76,"column":32}},"type":"binary-expr","locations":[{"start":{"line":76,"column":8},"end":{"line":76,"column":18}},{"start":{"line":76,"column":22},"end":{"line":76,"column":32}}],"line":76},"7":{"loc":{"start":{"line":78,"column":6},"end":{"line":81,"column":7}},"type":"if","locations":[{"start":{"line":78,"column":6},"end":{"line":81,"column":7}},{"start":{},"end":{}}],"line":78},"8":{"loc":{"start":{"line":83,"column":6},"end":{"line":85,"column":7}},"type":"if","locations":[{"start":{"line":83,"column":6},"end":{"line":85,"column":7}},{"start":{},"end":{}}],"line":83},"9":{"loc":{"start":{"line":86,"column":6},"end":{"line":88,"column":7}},"type":"if","locations":[{"start":{"line":86,"column":6},"end":{"line":88,"column":7}},{"start":{},"end":{}}],"line":86},"10":{"loc":{"start":{"line":95,"column":9},"end":{"line":95,"column":23}},"type":"binary-expr","locations":[{"start":{"line":95,"column":9},"end":{"line":95,"column":15}},{"start":{"line":95,"column":19},"end":{"line":95,"column":23}}],"line":95}},"s":{"0":0,"1":0,"2":0,"3":0,"4":0,"5":0,"6":0,"7":0,"8":0,"9":0,"10":0,"11":0,"12":0,"13":0,"14":0,"15":0,"16":0,"17":0,"18":0,"19":0,"20":0,"21":0,"22":0,"23":0,"24":0,"25":0,"26":0,"27":0,"28":0,"29":0,"30":0,"31":0,"32":0,"33":0,"34":0,"35":0,"36":0,"37":0,"38":0,"39":0,"40":0,"41":0,"42":0,"43":0,"44":0,"45":0,"46":0,"47":0,"48":0,"49":0,"50":0},"f":{"0":0,"1":0,"2":0,"3":0,"4":0,"5":0,"6":0,"7":0},"b":{"0":[0,0],"1":[0,0],"2":[0,0],"3":[0,0],"4":[0,0],"5":[0,0],"6":[0,0],"7":[0,0],"8":[0,0],"9":[0,0],"10":[0,0]}}
,"C:\\Users\\Administrator\\PycharmProjects\\NFUELibrary\\nodeServer\\router\\index.js": {"path":"C:\\Users\\Administrator\\PycharmProjects\\NFUELibrary\\nodeServer\\router\\index.js","statementMap":{"0":{"start":{"line":1,"column":15},"end":{"line":1,"column":36}},"1":{"start":{"line":2,"column":15},"end":{"line":2,"column":27}},"2":{"start":{"line":22,"column":4},"end":{"line":22,"column":37}},"3":{"start":{"line":43,"column":0},"end":{"line":43,"column":51}},"4":{"start":{"line":66,"column":0},"end":{"line":66,"column":63}},"5":{"start":{"line":72,"column":0},"end":{"line":72,"column":56}},"6":{"start":{"line":109,"column":0},"end":{"line":109,"column":56}},"7":{"start":{"line":129,"column":0},"end":{"line":129,"column":58}},"8":{"start":{"line":148,"column":0},"end":{"line":148,"column":53}},"9":{"start":{"line":167,"column":0},"end":{"line":167,"column":63}},"10":{"start":{"line":191,"column":0},"end":{"line":191,"column":53}},"11":{"start":{"line":211,"column":0},"end":{"line":211,"column":61}},"12":{"start":{"line":232,"column":0},"end":{"line":232,"column":54}},"13":{"start":{"line":247,"column":0},"end":{"line":247,"column":72}},"14":{"start":{"line":261,"column":0},"end":{"line":261,"column":56}},"15":{"start":{"line":276,"column":0},"end":{"line":276,"column":76}},"16":{"start":{"line":286,"column":0},"end":{"line":286,"column":51}},"17":{"start":{"line":312,"column":0},"end":{"line":312,"column":61}},"18":{"start":{"line":333,"column":0},"end":{"line":333,"column":64}},"19":{"start":{"line":346,"column":0},"end":{"line":351,"column":3}},"20":{"start":{"line":347,"column":2},"end":{"line":350,"column":4}},"21":{"start":{"line":353,"column":0},"end":{"line":355,"column":2}}},"fnMap":{"0":{"name":"(anonymous_0)","decl":{"start":{"line":346,"column":20},"end":{"line":346,"column":21}},"loc":{"start":{"line":346,"column":29},"end":{"line":351,"column":1}},"line":346}},"branchMap":{},"s":{"0":0,"1":0,"2":0,"3":0,"4":0,"5":0,"6":0,"7":0,"8":0,"9":0,"10":0,"11":0,"12":0,"13":0,"14":0,"15":0,"16":0,"17":0,"18":0,"19":0,"20":0,"21":0},"f":{"0":0},"b":{}}
}
