TN:
SF:fuckinglib\http.js
FN:6,debouncedSave
FN:10,(anonymous_1)
FN:11,(anonymous_2)
FN:18,getSERVERID
FN:20,(anonymous_4)
FN:30,resetSERVERID
FN:32,(anonymous_6)
FN:69,(anonymous_7)
FN:74,(anonymous_8)
FN:81,(anonymous_9)
FN:89,(anonymous_10)
FNF:11
FNH:0
FNDA:0,debouncedSave
FNDA:0,(anonymous_1)
FNDA:0,(anonymous_2)
FNDA:0,getSERVERID
FNDA:0,(anonymous_4)
FNDA:0,resetSERVERID
FNDA:0,(anonymous_6)
FNDA:0,(anonymous_7)
FNDA:0,(anonymous_8)
FNDA:0,(anonymous_9)
FNDA:0,(anonymous_10)
DA:1,0
DA:2,0
DA:5,0
DA:7,0
DA:8,0
DA:10,0
DA:11,0
DA:12,0
DA:17,0
DA:19,0
DA:20,0
DA:21,0
DA:22,0
DA:24,0
DA:27,0
DA:31,0
DA:32,0
DA:33,0
DA:34,0
DA:36,0
DA:37,0
DA:39,0
DA:43,0
DA:44,0
DA:46,0
DA:51,0
DA:55,0
DA:57,0
DA:59,0
DA:60,0
DA:68,0
DA:70,0
DA:72,0
DA:76,0
DA:80,0
DA:82,0
DA:83,0
DA:84,0
DA:85,0
DA:87,0
DA:90,0
DA:91,0
DA:95,0
LF:43
LH:0
BRDA:7,0,0,0
BRDA:7,0,1,0
BRDA:22,1,0,0
BRDA:22,1,1,0
BRDA:34,2,0,0
BRDA:34,2,1,0
BRDA:36,3,0,0
BRDA:36,3,1,0
BRDA:43,4,0,0
BRDA:43,4,1,0
BRDA:46,5,0,0
BRDA:46,5,1,0
BRDA:84,6,0,0
BRDA:84,6,1,0
BRF:14
BRH:0
end_of_record
TN:
SF:fuckinglib\index.js
FN:40,(anonymous_0)
FN:67,(anonymous_1)
FN:96,(anonymous_2)
FN:98,(anonymous_3)
FN:101,(anonymous_4)
FN:102,(anonymous_5)
FN:130,(anonymous_6)
FN:149,(anonymous_7)
FN:169,(anonymous_8)
FN:180,(anonymous_9)
FN:194,refreshPage
FN:221,reserveSeat
FN:232,(anonymous_12)
FN:285,verifyCookie
FN:320,autoTestReservation
FN:446,extractCodeFromUrl
FN:460,getCookieByCode
FN:467,(anonymous_17)
FN:491,setCookieController
FN:522,setCookieByCodeController
FN:585,verifyCookieController
FN:603,getkeyByName
FN:616,changeSeatByLibIdandSeatNumber
FN:674,getLibNamebyLibId
FN:682,getLibList
FN:695,(anonymous_25)
FN:734,asyncgetLibListController
FN:752,syncgetLibListController
FN:764,changeSeatController
FN:780,manualReserveController
FN:816,startContinuousReserveController
FN:844,(anonymous_31)
FN:847,(anonymous_32)
FN:848,(anonymous_33)
FN:852,(anonymous_34)
FN:874,getQRCodePageController
FN:1170,changeSeatMultiController
FN:1192,(anonymous_37)
FN:1192,(anonymous_38)
FN:1208,(anonymous_39)
FN:1208,(anonymous_40)
FN:1285,(anonymous_41)
FN:1310,testReserveAndCancelController
FN:1445,addSeatToListController
FN:1475,(anonymous_44)
FN:1521,removeSeatFromListController
FN:1543,(anonymous_46)
FN:1578,getSeatListController
FN:1601,getLibSeatStatusController
FN:1664,(anonymous_49)
FN:1724,getAllLibsStatusController
FN:1745,(anonymous_51)
FN:1759,(anonymous_52)
FNF:53
FNH:0
FNDA:0,(anonymous_0)
FNDA:0,(anonymous_1)
FNDA:0,(anonymous_2)
FNDA:0,(anonymous_3)
FNDA:0,(anonymous_4)
FNDA:0,(anonymous_5)
FNDA:0,(anonymous_6)
FNDA:0,(anonymous_7)
FNDA:0,(anonymous_8)
FNDA:0,(anonymous_9)
FNDA:0,refreshPage
FNDA:0,reserveSeat
FNDA:0,(anonymous_12)
FNDA:0,verifyCookie
FNDA:0,autoTestReservation
FNDA:0,extractCodeFromUrl
FNDA:0,getCookieByCode
FNDA:0,(anonymous_17)
FNDA:0,setCookieController
FNDA:0,setCookieByCodeController
FNDA:0,verifyCookieController
FNDA:0,getkeyByName
FNDA:0,changeSeatByLibIdandSeatNumber
FNDA:0,getLibNamebyLibId
FNDA:0,getLibList
FNDA:0,(anonymous_25)
FNDA:0,asyncgetLibListController
FNDA:0,syncgetLibListController
FNDA:0,changeSeatController
FNDA:0,manualReserveController
FNDA:0,startContinuousReserveController
FNDA:0,(anonymous_31)
FNDA:0,(anonymous_32)
FNDA:0,(anonymous_33)
FNDA:0,(anonymous_34)
FNDA:0,getQRCodePageController
FNDA:0,changeSeatMultiController
FNDA:0,(anonymous_37)
FNDA:0,(anonymous_38)
FNDA:0,(anonymous_39)
FNDA:0,(anonymous_40)
FNDA:0,(anonymous_41)
FNDA:0,testReserveAndCancelController
FNDA:0,addSeatToListController
FNDA:0,(anonymous_44)
FNDA:0,removeSeatFromListController
FNDA:0,(anonymous_46)
FNDA:0,getSeatListController
FNDA:0,getLibSeatStatusController
FNDA:0,(anonymous_49)
FNDA:0,getAllLibsStatusController
FNDA:0,(anonymous_51)
FNDA:0,(anonymous_52)
DA:1,0
DA:2,0
DA:4,0
DA:5,0
DA:6,0
DA:7,0
DA:13,0
DA:15,0
DA:16,0
DA:17,0
DA:18,0
DA:35,0
DA:41,0
DA:42,0
DA:62,0
DA:68,0
DA:91,0
DA:98,0
DA:100,0
DA:101,0
DA:102,0
DA:125,0
DA:131,0
DA:132,0
DA:133,0
DA:134,0
DA:147,0
DA:151,0
DA:152,0
DA:154,0
DA:155,0
DA:157,0
DA:160,0
DA:167,0
DA:170,0
DA:171,0
DA:178,0
DA:181,0
DA:182,0
DA:184,0
DA:185,0
DA:188,0
DA:189,0
DA:195,0
DA:200,0
DA:205,0
DA:206,0
DA:207,0
DA:208,0
DA:211,0
DA:219,0
DA:223,0
DA:224,0
DA:225,0
DA:226,0
DA:231,0
DA:232,0
DA:236,0
DA:240,0
DA:243,0
DA:244,0
DA:247,0
DA:248,0
DA:259,0
DA:261,0
DA:262,0
DA:264,0
DA:265,0
DA:268,0
DA:269,0
DA:270,0
DA:271,0
DA:274,0
DA:275,0
DA:276,0
DA:282,0
DA:286,0
DA:287,0
DA:293,0
DA:294,0
DA:295,0
DA:296,0
DA:301,0
DA:307,0
DA:308,0
DA:321,0
DA:323,0
DA:325,0
DA:330,0
DA:331,0
DA:334,0
DA:337,0
DA:338,0
DA:340,0
DA:341,0
DA:344,0
DA:350,0
DA:351,0
DA:354,0
DA:355,0
DA:356,0
DA:357,0
DA:358,0
DA:359,0
DA:363,0
DA:366,0
DA:367,0
DA:370,0
DA:373,0
DA:384,0
DA:391,0
DA:392,0
DA:393,0
DA:396,0
DA:397,0
DA:400,0
DA:403,0
DA:414,0
DA:415,0
DA:416,0
DA:418,0
DA:429,0
DA:432,0
DA:438,0
DA:439,0
DA:447,0
DA:448,0
DA:449,0
DA:450,0
DA:453,0
DA:461,0
DA:462,0
DA:464,0
DA:468,0
DA:473,0
DA:475,0
DA:477,0
DA:478,0
DA:479,0
DA:480,0
DA:481,0
DA:483,0
DA:486,0
DA:487,0
DA:492,0
DA:493,0
DA:494,0
DA:495,0
DA:496,0
DA:498,0
DA:499,0
DA:501,0
DA:502,0
DA:504,0
DA:506,0
DA:512,0
DA:523,0
DA:525,0
DA:526,0
DA:530,0
DA:533,0
DA:535,0
DA:537,0
DA:538,0
DA:542,0
DA:545,0
DA:548,0
DA:550,0
DA:553,0
DA:556,0
DA:558,0
DA:560,0
DA:563,0
DA:565,0
DA:572,0
DA:578,0
DA:579,0
DA:586,0
DA:587,0
DA:588,0
DA:590,0
DA:604,0
DA:605,0
DA:606,0
DA:609,0
DA:617,0
DA:618,0
DA:627,0
DA:628,0
DA:631,0
DA:633,0
DA:634,0
DA:641,0
DA:642,0
DA:643,0
DA:645,0
DA:648,0
DA:650,0
DA:659,0
DA:665,0
DA:666,0
DA:675,0
DA:676,0
DA:677,0
DA:683,0
DA:684,0
DA:689,0
DA:692,0
DA:695,0
DA:696,0
DA:701,0
DA:705,0
DA:707,0
DA:708,0
DA:718,0
DA:724,0
DA:735,0
DA:736,0
DA:737,0
DA:738,0
DA:741,0
DA:753,0
DA:765,0
DA:766,0
DA:767,0
DA:768,0
DA:770,0
DA:781,0
DA:782,0
DA:786,0
DA:788,0
DA:789,0
DA:793,0
DA:796,0
DA:797,0
DA:798,0
DA:799,0
DA:804,0
DA:805,0
DA:817,0
DA:818,0
DA:822,0
DA:824,0
DA:825,0
DA:829,0
DA:832,0
DA:833,0
DA:837,0
DA:840,0
DA:841,0
DA:844,0
DA:846,0
DA:847,0
DA:848,0
DA:852,0
DA:853,0
DA:854,0
DA:855,0
DA:857,0
DA:858,0
DA:859,0
DA:861,0
DA:862,0
DA:865,0
DA:876,0
DA:877,0
DA:1171,0
DA:1173,0
DA:1174,0
DA:1178,0
DA:1182,0
DA:1183,0
DA:1187,0
DA:1190,0
DA:1192,0
DA:1193,0
DA:1195,0
DA:1197,0
DA:1198,0
DA:1199,0
DA:1200,0
DA:1204,0
DA:1207,0
DA:1208,0
DA:1210,0
DA:1213,0
DA:1214,0
DA:1223,0
DA:1225,0
DA:1226,0
DA:1227,0
DA:1231,0
DA:1234,0
DA:1235,0
DA:1236,0
DA:1240,0
DA:1243,0
DA:1246,0
DA:1247,0
DA:1248,0
DA:1249,0
DA:1255,0
DA:1259,0
DA:1260,0
DA:1264,0
DA:1268,0
DA:1269,0
DA:1273,0
DA:1277,0
DA:1278,0
DA:1279,0
DA:1280,0
DA:1283,0
DA:1284,0
DA:1285,0
DA:1286,0
DA:1293,0
DA:1299,0
DA:1300,0
DA:1311,0
DA:1312,0
DA:1316,0
DA:1320,0
DA:1326,0
DA:1327,0
DA:1331,0
DA:1334,0
DA:1336,0
DA:1337,0
DA:1340,0
DA:1351,0
DA:1358,0
DA:1359,0
DA:1361,0
DA:1362,0
DA:1363,0
DA:1364,0
DA:1368,0
DA:1371,0
DA:1372,0
DA:1373,0
DA:1376,0
DA:1377,0
DA:1383,0
DA:1390,0
DA:1391,0
DA:1392,0
DA:1394,0
DA:1395,0
DA:1401,0
DA:1408,0
DA:1409,0
DA:1410,0
DA:1415,0
DA:1416,0
DA:1422,0
DA:1428,0
DA:1434,0
DA:1435,0
DA:1446,0
DA:1448,0
DA:1449,0
DA:1453,0
DA:1456,0
DA:1458,0
DA:1460,0
DA:1461,0
DA:1462,0
DA:1465,0
DA:1466,0
DA:1469,0
DA:1470,0
DA:1474,0
DA:1475,0
DA:1478,0
DA:1479,0
DA:1483,0
DA:1487,0
DA:1494,0
DA:1497,0
DA:1499,0
DA:1510,0
DA:1511,0
DA:1522,0
DA:1524,0
DA:1525,0
DA:1529,0
DA:1532,0
DA:1533,0
DA:1534,0
DA:1538,0
DA:1541,0
DA:1542,0
DA:1543,0
DA:1546,0
DA:1547,0
DA:1551,0
DA:1554,0
DA:1557,0
DA:1559,0
DA:1567,0
DA:1568,0
DA:1579,0
DA:1580,0
DA:1582,0
DA:1590,0
DA:1591,0
DA:1602,0
DA:1604,0
DA:1605,0
DA:1609,0
DA:1612,0
DA:1613,0
DA:1620,0
DA:1622,0
DA:1623,0
DA:1627,0
DA:1630,0
DA:1632,0
DA:1633,0
DA:1637,0
DA:1640,0
DA:1643,0
DA:1651,0
DA:1662,0
DA:1664,0
DA:1666,0
DA:1667,0
DA:1670,0
DA:1680,0
DA:1681,0
DA:1682,0
DA:1683,0
DA:1684,0
DA:1685,0
DA:1687,0
DA:1691,0
DA:1710,0
DA:1713,0
DA:1714,0
DA:1725,0
DA:1727,0
DA:1733,0
DA:1735,0
DA:1736,0
DA:1740,0
DA:1743,0
DA:1745,0
DA:1759,0
DA:1766,0
DA:1775,0
DA:1778,0
DA:1779,0
DA:1786,0
LF:454
LH:0
BRDA:131,0,0,0
BRDA:131,0,1,0
BRDA:207,1,0,0
BRDA:207,1,1,0
BRDA:223,2,0,0
BRDA:223,2,1,0
BRDA:231,3,0,0
BRDA:231,3,1,0
BRDA:236,4,0,0
BRDA:236,4,1,0
BRDA:236,5,0,0
BRDA:236,5,1,0
BRDA:243,6,0,0
BRDA:243,6,1,0
BRDA:253,7,0,0
BRDA:253,7,1,0
BRDA:261,8,0,0
BRDA:261,8,1,0
BRDA:264,9,0,0
BRDA:264,9,1,0
BRDA:264,10,0,0
BRDA:264,10,1,0
BRDA:268,11,0,0
BRDA:268,11,1,0
BRDA:268,12,0,0
BRDA:268,12,1,0
BRDA:270,13,0,0
BRDA:270,13,1,0
BRDA:274,14,0,0
BRDA:274,14,1,0
BRDA:295,15,0,0
BRDA:295,15,1,0
BRDA:330,16,0,0
BRDA:330,16,1,0
BRDA:341,17,0,0
BRDA:341,17,1,0
BRDA:351,18,0,0
BRDA:351,18,1,0
BRDA:356,19,0,0
BRDA:356,19,1,0
BRDA:356,20,0,0
BRDA:356,20,1,0
BRDA:363,21,0,0
BRDA:363,21,1,0
BRDA:366,22,0,0
BRDA:366,22,1,0
BRDA:391,23,0,0
BRDA:391,23,1,0
BRDA:392,24,0,0
BRDA:392,24,1,0
BRDA:396,25,0,0
BRDA:396,25,1,0
BRDA:415,26,0,0
BRDA:415,26,1,0
BRDA:415,27,0,0
BRDA:415,27,1,0
BRDA:468,28,0,0
BRDA:468,28,1,0
BRDA:475,29,0,0
BRDA:475,29,1,0
BRDA:475,30,0,0
BRDA:475,30,1,0
BRDA:480,31,0,0
BRDA:480,31,1,0
BRDA:480,32,0,0
BRDA:480,32,1,0
BRDA:493,33,0,0
BRDA:493,33,1,0
BRDA:498,34,0,0
BRDA:498,34,1,0
BRDA:525,35,0,0
BRDA:525,35,1,0
BRDA:537,36,0,0
BRDA:537,36,1,0
BRDA:558,37,0,0
BRDA:558,37,1,0
BRDA:605,38,0,0
BRDA:605,38,1,0
BRDA:627,39,0,0
BRDA:627,39,1,0
BRDA:627,40,0,0
BRDA:627,40,1,0
BRDA:627,40,2,0
BRDA:633,41,0,0
BRDA:633,41,1,0
BRDA:676,42,0,0
BRDA:676,42,1,0
BRDA:707,43,0,0
BRDA:707,43,1,0
BRDA:737,44,0,0
BRDA:737,44,1,0
BRDA:766,45,0,0
BRDA:766,45,1,0
BRDA:766,46,0,0
BRDA:766,46,1,0
BRDA:781,47,0,0
BRDA:781,47,1,0
BRDA:788,48,0,0
BRDA:788,48,1,0
BRDA:788,49,0,0
BRDA:788,49,1,0
BRDA:817,50,0,0
BRDA:817,50,1,0
BRDA:824,51,0,0
BRDA:824,51,1,0
BRDA:824,52,0,0
BRDA:824,52,1,0
BRDA:832,53,0,0
BRDA:832,53,1,0
BRDA:853,54,0,0
BRDA:853,54,1,0
BRDA:857,55,0,0
BRDA:857,55,1,0
BRDA:1173,56,0,0
BRDA:1173,56,1,0
BRDA:1182,57,0,0
BRDA:1182,57,1,0
BRDA:1199,58,0,0
BRDA:1199,58,1,0
BRDA:1199,59,0,0
BRDA:1199,59,1,0
BRDA:1225,60,0,0
BRDA:1225,60,1,0
BRDA:1229,61,0,0
BRDA:1229,61,1,0
BRDA:1234,62,0,0
BRDA:1234,62,1,0
BRDA:1234,63,0,0
BRDA:1234,63,1,0
BRDA:1234,63,2,0
BRDA:1248,64,0,0
BRDA:1248,64,1,0
BRDA:1268,65,0,0
BRDA:1268,65,1,0
BRDA:1311,66,0,0
BRDA:1311,66,1,0
BRDA:1320,67,0,0
BRDA:1320,67,1,0
BRDA:1320,68,0,0
BRDA:1320,68,1,0
BRDA:1322,69,0,0
BRDA:1322,69,1,0
BRDA:1322,70,0,0
BRDA:1322,70,1,0
BRDA:1326,71,0,0
BRDA:1326,71,1,0
BRDA:1337,72,0,0
BRDA:1337,72,1,0
BRDA:1345,73,0,0
BRDA:1345,73,1,0
BRDA:1361,74,0,0
BRDA:1361,74,1,0
BRDA:1362,75,0,0
BRDA:1362,75,1,0
BRDA:1371,76,0,0
BRDA:1371,76,1,0
BRDA:1371,77,0,0
BRDA:1371,77,1,0
BRDA:1371,77,2,0
BRDA:1390,78,0,0
BRDA:1390,78,1,0
BRDA:1408,79,0,0
BRDA:1408,79,1,0
BRDA:1418,80,0,0
BRDA:1418,80,1,0
BRDA:1424,81,0,0
BRDA:1424,81,1,0
BRDA:1448,82,0,0
BRDA:1448,82,1,0
BRDA:1448,83,0,0
BRDA:1448,83,1,0
BRDA:1460,84,0,0
BRDA:1460,84,1,0
BRDA:1465,85,0,0
BRDA:1465,85,1,0
BRDA:1469,86,0,0
BRDA:1469,86,1,0
BRDA:1475,87,0,0
BRDA:1475,87,1,0
BRDA:1478,88,0,0
BRDA:1478,88,1,0
BRDA:1524,89,0,0
BRDA:1524,89,1,0
BRDA:1524,90,0,0
BRDA:1524,90,1,0
BRDA:1533,91,0,0
BRDA:1533,91,1,0
BRDA:1533,92,0,0
BRDA:1533,92,1,0
BRDA:1543,93,0,0
BRDA:1543,93,1,0
BRDA:1546,94,0,0
BRDA:1546,94,1,0
BRDA:1580,95,0,0
BRDA:1580,95,1,0
BRDA:1602,96,0,0
BRDA:1602,96,1,0
BRDA:1604,97,0,0
BRDA:1604,97,1,0
BRDA:1622,98,0,0
BRDA:1622,98,1,0
BRDA:1632,99,0,0
BRDA:1632,99,1,0
BRDA:1666,100,0,0
BRDA:1666,100,1,0
BRDA:1675,101,0,0
BRDA:1675,101,1,0
BRDA:1680,102,0,0
BRDA:1680,102,1,0
BRDA:1680,103,0,0
BRDA:1680,103,1,0
BRDA:1682,104,0,0
BRDA:1682,104,1,0
BRDA:1682,105,0,0
BRDA:1682,105,1,0
BRDA:1684,106,0,0
BRDA:1684,106,1,0
BRDA:1684,107,0,0
BRDA:1684,107,1,0
BRDA:1735,108,0,0
BRDA:1735,108,1,0
BRDA:1743,109,0,0
BRDA:1743,109,1,0
BRDA:1751,110,0,0
BRDA:1751,110,1,0
BRDA:1752,111,0,0
BRDA:1752,111,1,0
BRDA:1753,112,0,0
BRDA:1753,112,1,0
BRDA:1754,113,0,0
BRDA:1754,113,1,0
BRDA:1754,114,0,0
BRDA:1754,114,1,0
BRDA:1754,115,0,0
BRDA:1754,115,1,0
BRF:235
BRH:0
end_of_record
TN:
SF:fuckinglib\myCooke.js
FN:28,(anonymous_0)
FN:43,(anonymous_1)
FN:58,saveLibData
FN:67,(anonymous_3)
FN:78,saveLibDataAsync
FN:84,(anonymous_5)
FN:89,(anonymous_6)
FNF:7
FNH:4
FNDA:5,(anonymous_0)
FNDA:5,(anonymous_1)
FNDA:0,saveLibData
FNDA:0,(anonymous_3)
FNDA:1,saveLibDataAsync
FNDA:1,(anonymous_5)
FNDA:0,(anonymous_6)
DA:1,5
DA:4,5
DA:14,5
DA:28,5
DA:29,5
DA:30,5
DA:31,5
DA:34,5
DA:35,5
DA:36,5
DA:37,5
DA:38,5
DA:40,5
DA:41,5
DA:43,5
DA:44,5
DA:49,5
DA:51,5
DA:53,0
DA:59,0
DA:63,0
DA:68,0
DA:69,0
DA:71,0
DA:79,1
DA:84,1
DA:85,1
DA:90,0
DA:91,0
DA:92,0
DA:97,0
DA:98,0
DA:108,5
LF:33
LH:22
BRDA:38,0,0,5
BRDA:38,0,1,0
BRDA:68,1,0,0
BRDA:68,1,1,0
BRDA:90,2,0,0
BRDA:90,2,1,0
BRF:6
BRH:1
end_of_record
TN:
SF:fuckinglib\pub-sub.js
FN:1,(anonymous_0)
FN:6,(anonymous_1)
FN:12,(anonymous_2)
FN:24,(anonymous_3)
FN:31,(anonymous_4)
FN:38,(anonymous_5)
FNF:6
FNH:0
FNDA:0,(anonymous_0)
FNDA:0,(anonymous_1)
FNDA:0,(anonymous_2)
FNDA:0,(anonymous_3)
FNDA:0,(anonymous_4)
FNDA:0,(anonymous_5)
DA:1,0
DA:2,0
DA:6,0
DA:7,0
DA:8,0
DA:10,0
DA:12,0
DA:14,0
DA:15,0
DA:16,0
DA:18,0
DA:20,0
DA:24,0
DA:25,0
DA:26,0
DA:31,0
DA:32,0
DA:33,0
DA:34,0
DA:35,0
DA:36,0
DA:38,0
DA:39,0
DA:42,0
DA:48,0
LF:25
LH:0
BRDA:7,0,0,0
BRDA:7,0,1,0
BRDA:15,1,0,0
BRDA:15,1,1,0
BRDA:18,2,0,0
BRDA:18,2,1,0
BRDA:20,3,0,0
BRDA:20,3,1,0
BRDA:25,4,0,0
BRDA:25,4,1,0
BRDA:34,5,0,0
BRDA:34,5,1,0
BRDA:34,6,0,0
BRDA:34,6,1,0
BRF:14
BRH:0
end_of_record
TN:
SF:fuckinglib\websocket.js
FN:18,createSocketKey
FN:21,(anonymous_1)
FN:30,createSocket
FN:44,(anonymous_3)
FN:48,(anonymous_4)
FN:52,(anonymous_5)
FN:71,(anonymous_6)
FN:91,(anonymous_7)
FNF:8
FNH:0
FNDA:0,createSocketKey
FNDA:0,(anonymous_1)
FNDA:0,createSocket
FNDA:0,(anonymous_3)
FNDA:0,(anonymous_4)
FNDA:0,(anonymous_5)
FNDA:0,(anonymous_6)
FNDA:0,(anonymous_7)
DA:1,0
DA:3,0
DA:4,0
DA:5,0
DA:7,0
DA:9,0
DA:10,0
DA:12,0
DA:14,0
DA:16,0
DA:19,0
DA:22,0
DA:23,0
DA:24,0
DA:27,0
DA:31,0
DA:32,0
DA:44,0
DA:45,0
DA:47,0
DA:48,0
DA:49,0
DA:52,0
DA:53,0
DA:54,0
DA:55,0
DA:59,0
DA:60,0
DA:62,0
DA:65,0
DA:66,0
DA:67,0
DA:69,0
DA:70,0
DA:71,0
DA:72,0
DA:73,0
DA:76,0
DA:77,0
DA:78,0
DA:79,0
DA:80,0
DA:83,0
DA:84,0
DA:86,0
DA:87,0
DA:91,0
DA:92,0
DA:93,0
DA:95,0
DA:98,0
LF:51
LH:0
BRDA:23,0,0,0
BRDA:23,0,1,0
BRDA:59,1,0,0
BRDA:59,1,1,0
BRDA:65,2,0,0
BRDA:65,2,1,0
BRDA:69,3,0,0
BRDA:69,3,1,0
BRDA:69,4,0,0
BRDA:69,4,1,0
BRDA:76,5,0,0
BRDA:76,5,1,0
BRDA:76,6,0,0
BRDA:76,6,1,0
BRDA:78,7,0,0
BRDA:78,7,1,0
BRDA:83,8,0,0
BRDA:83,8,1,0
BRDA:86,9,0,0
BRDA:86,9,1,0
BRDA:95,10,0,0
BRDA:95,10,1,0
BRF:22
BRH:0
end_of_record
TN:
SF:router\index.js
FN:346,(anonymous_0)
FNF:1
FNH:0
FNDA:0,(anonymous_0)
DA:1,0
DA:2,0
DA:22,0
DA:43,0
DA:66,0
DA:72,0
DA:109,0
DA:129,0
DA:148,0
DA:167,0
DA:191,0
DA:211,0
DA:232,0
DA:247,0
DA:261,0
DA:276,0
DA:286,0
DA:312,0
DA:333,0
DA:346,0
DA:347,0
DA:353,0
LF:22
LH:0
BRF:0
BRH:0
end_of_record
